d:\vsstudio\visual studio 2013\projects\mazewalker\debug\tmp\vc141.pdb
d:\vsstudio\visual studio 2013\projects\mazewalker\debug\tmp\glmimg.obj
d:\vsstudio\visual studio 2013\projects\mazewalker\debug\tmp\glm.obj
d:\vsstudio\visual studio 2013\projects\mazewalker\debug\tmp\tools.obj
d:\vsstudio\visual studio 2013\projects\mazewalker\debug\tmp\setcontrols.obj
d:\vsstudio\visual studio 2013\projects\mazewalker\debug\tmp\serversocket.obj
d:\vsstudio\visual studio 2013\projects\mazewalker\debug\tmp\qpc.obj
d:\vsstudio\visual studio 2013\projects\mazewalker\debug\tmp\particle.obj
d:\vsstudio\visual studio 2013\projects\mazewalker\debug\tmp\mylist.obj
d:\vsstudio\visual studio 2013\projects\mazewalker\debug\tmp\mylightlist.obj
d:\vsstudio\visual studio 2013\projects\mazewalker\debug\tmp\mazx.obj
d:\vsstudio\visual studio 2013\projects\mazewalker\debug\tmp\mazelistitem.obj
d:\vsstudio\visual studio 2013\projects\mazewalker\debug\tmp\map.obj
d:\vsstudio\visual studio 2013\projects\mazewalker\debug\tmp\main.obj
d:\vsstudio\visual studio 2013\projects\mazewalker\debug\tmp\log.obj
d:\vsstudio\visual studio 2013\projects\mazewalker\debug\tmp\lightitem.obj
d:\vsstudio\visual studio 2013\projects\mazewalker\debug\tmp\joystick.obj
d:\vsstudio\visual studio 2013\projects\mazewalker\debug\tmp\freetype.obj
d:\vsstudio\visual studio 2013\projects\mazewalker\debug\tmp\com.obj
d:\vsstudio\visual studio 2013\projects\mazewalker\debug\tmp\camera.obj
d:\vsstudio\visual studio 2013\projects\mazewalker\debug\tmp\audiodictionary.obj
d:\vsstudio\visual studio 2013\projects\mazewalker\debug\tmp\zutil.obj
d:\vsstudio\visual studio 2013\projects\mazewalker\debug\tmp\uncompr.obj
d:\vsstudio\visual studio 2013\projects\mazewalker\debug\tmp\trees.obj
d:\vsstudio\visual studio 2013\projects\mazewalker\debug\tmp\inftrees.obj
d:\vsstudio\visual studio 2013\projects\mazewalker\debug\tmp\inflate.obj
d:\vsstudio\visual studio 2013\projects\mazewalker\debug\tmp\inffast.obj
d:\vsstudio\visual studio 2013\projects\mazewalker\debug\tmp\infback.obj
d:\vsstudio\visual studio 2013\projects\mazewalker\debug\tmp\gzio.obj
d:\vsstudio\visual studio 2013\projects\mazewalker\debug\tmp\deflate.obj
d:\vsstudio\visual studio 2013\projects\mazewalker\debug\tmp\crc32.obj
d:\vsstudio\visual studio 2013\projects\mazewalker\debug\tmp\compress.obj
d:\vsstudio\visual studio 2013\projects\mazewalker\debug\tmp\adler32.obj
d:\vsstudio\visual studio 2013\projects\mazewalker\debug\tmp\texturedictionaryitem.obj
d:\vsstudio\visual studio 2013\projects\mazewalker\debug\tmp\texturedictionary.obj
d:\vsstudio\visual studio 2013\projects\mazewalker\debug\tmp\texture.obj
d:\vsstudio\visual studio 2013\projects\mazewalker\debug\tmp\iowin32.obj
d:\vsstudio\visual studio 2013\projects\mazewalker\debug\tmp\ioapi.obj
d:\vsstudio\visual studio 2013\projects\mazewalker\debug\tmp\glew.obj
d:\vsstudio\visual studio 2013\projects\mazewalker\debug\tmp\pngwutil.obj
d:\vsstudio\visual studio 2013\projects\mazewalker\debug\tmp\pngwtran.obj
d:\vsstudio\visual studio 2013\projects\mazewalker\debug\tmp\pngwrite.obj
d:\vsstudio\visual studio 2013\projects\mazewalker\debug\tmp\pngwio.obj
d:\vsstudio\visual studio 2013\projects\mazewalker\debug\tmp\pngvcrd.obj
d:\vsstudio\visual studio 2013\projects\mazewalker\debug\tmp\pngtrans.obj
d:\vsstudio\visual studio 2013\projects\mazewalker\debug\tmp\pngset.obj
d:\vsstudio\visual studio 2013\projects\mazewalker\debug\tmp\pngrutil.obj
d:\vsstudio\visual studio 2013\projects\mazewalker\debug\tmp\pngrtran.obj
d:\vsstudio\visual studio 2013\projects\mazewalker\debug\tmp\pngrio.obj
d:\vsstudio\visual studio 2013\projects\mazewalker\debug\tmp\pngread.obj
d:\vsstudio\visual studio 2013\projects\mazewalker\debug\tmp\pngpread.obj
d:\vsstudio\visual studio 2013\projects\mazewalker\debug\tmp\pngmem.obj
d:\vsstudio\visual studio 2013\projects\mazewalker\debug\tmp\pngget.obj
d:\vsstudio\visual studio 2013\projects\mazewalker\debug\tmp\pnggccrd.obj
d:\vsstudio\visual studio 2013\projects\mazewalker\debug\tmp\pngerror.obj
d:\vsstudio\visual studio 2013\projects\mazewalker\debug\tmp\png.obj
d:\vsstudio\visual studio 2013\projects\mazewalker\debug\tmp\unzip.obj
d:\vsstudio\visual studio 2013\projects\mazewalker\debug\mazewalker.ilk
d:\vsstudio\visual studio 2013\projects\mazewalker\debug\mazewalker.exe
d:\vsstudio\visual studio 2013\projects\mazewalker\debug\mazewalker.pdb
d:\vsstudio\visual studio 2013\projects\mazewalker\debug\mazewalker.lib
d:\vsstudio\visual studio 2013\projects\mazewalker\debug\mazewalker.exp
d:\vsstudio\visual studio 2013\projects\mazewalker\debug\tmp\mazewalker.res
d:\vsstudio\visual studio 2013\projects\mazewalker\debug\tmp\mazewalker.tlog\cl.command.1.tlog
d:\vsstudio\visual studio 2013\projects\mazewalker\debug\tmp\mazewalker.tlog\cl.read.1.tlog
d:\vsstudio\visual studio 2013\projects\mazewalker\debug\tmp\mazewalker.tlog\cl.write.1.tlog
d:\vsstudio\visual studio 2013\projects\mazewalker\debug\tmp\mazewalker.tlog\link.command.1.tlog
d:\vsstudio\visual studio 2013\projects\mazewalker\debug\tmp\mazewalker.tlog\link.read.1.tlog
d:\vsstudio\visual studio 2013\projects\mazewalker\debug\tmp\mazewalker.tlog\link.write.1.tlog
d:\vsstudio\visual studio 2013\projects\mazewalker\debug\tmp\mazewalker.tlog\mazewalker.write.1u.tlog
d:\vsstudio\visual studio 2013\projects\mazewalker\debug\tmp\mazewalker.tlog\rc.command.1.tlog
d:\vsstudio\visual studio 2013\projects\mazewalker\debug\tmp\mazewalker.tlog\rc.read.1.tlog
d:\vsstudio\visual studio 2013\projects\mazewalker\debug\tmp\mazewalker.tlog\rc.write.1.tlog
