D:\Program Files (x86)\Microsoft Visual Studio\2017\Community\Common7\IDE\VC\VCTargets\Platforms\Win32\PlatformToolsets\v141_xp\Toolset.targets(39,5): warning MSB8051: Support for targeting Windows XP is deprecated and will not be present in future releases of Visual Studio. Please see https://go.microsoft.com/fwlink/?linkid=2023588 for more information.
D:\Program Files (x86)\Microsoft Visual Studio\2017\Community\Common7\IDE\VC\VCTargets\Microsoft.CppBuild.targets(376,5): warning MSB8004: Intermediate Directory does not end with a trailing slash.  This build instance will add the slash as it is required to allow proper evaluation of the Intermediate Directory.
  main.cpp
c:\program files (x86)\microsoft sdks\windows\v7.1a\include\shlobj.h(1151): warning C4091: 'typedef ': ignored on left of 'tagGPFIDL_FLAGS' when no variable is declared
d:\github\mazewalker\mazewalker\main.cpp(819): warning C4244: '=': conversion from 'double' to 'float', possible loss of data
d:\github\mazewalker\mazewalker\main.cpp(826): warning C4473: 'sprintf' : not enough arguments passed for format string
  d:\github\mazewalker\mazewalker\main.cpp(826): note: placeholders and their parameters expect 1 variadic arguments, but 0 were provided
  d:\github\mazewalker\mazewalker\main.cpp(826): note: the missing variadic argument 1 is required by format string '%.1f'
d:\github\mazewalker\mazewalker\main.cpp(858): warning C4305: 'initializing': truncation from 'double' to 'float'
d:\github\mazewalker\mazewalker\main.cpp(867): warning C4244: '=': conversion from 'double' to 'float', possible loss of data
d:\github\mazewalker\mazewalker\main.cpp(871): warning C4244: '=': conversion from 'double' to 'float', possible loss of data
d:\github\mazewalker\mazewalker\main.cpp(875): warning C4244: '=': conversion from 'double' to 'float', possible loss of data
d:\github\mazewalker\mazewalker\main.cpp(879): warning C4244: '=': conversion from 'double' to 'float', possible loss of data
d:\github\mazewalker\mazewalker\main.cpp(894): warning C4244: '=': conversion from 'int' to 'float', possible loss of data
d:\github\mazewalker\mazewalker\main.cpp(898): warning C4244: '=': conversion from 'double' to 'float', possible loss of data
d:\github\mazewalker\mazewalker\main.cpp(902): warning C4244: '=': conversion from 'double' to 'float', possible loss of data
d:\github\mazewalker\mazewalker\main.cpp(906): warning C4244: '=': conversion from 'double' to 'float', possible loss of data
d:\github\mazewalker\mazewalker\main.cpp(926): warning C4244: '=': conversion from 'double' to 'DWORD', possible loss of data
d:\github\mazewalker\mazewalker\main.cpp(941): warning C4244: '=': conversion from 'double' to 'int', possible loss of data
d:\github\mazewalker\mazewalker\main.cpp(965): warning C4244: '=': conversion from 'double' to 'float', possible loss of data
d:\github\mazewalker\mazewalker\main.cpp(969): warning C4244: '=': conversion from 'double' to 'float', possible loss of data
d:\github\mazewalker\mazewalker\main.cpp(992): warning C4244: '=': conversion from 'double' to 'float', possible loss of data
d:\github\mazewalker\mazewalker\main.cpp(1000): warning C4244: '=': conversion from 'double' to 'float', possible loss of data
d:\github\mazewalker\mazewalker\main.cpp(1034): warning C4244: '=': conversion from 'double' to 'float', possible loss of data
d:\github\mazewalker\mazewalker\main.cpp(1041): warning C4244: '=': conversion from 'double' to 'float', possible loss of data
d:\github\mazewalker\mazewalker\main.cpp(1045): warning C4244: '=': conversion from 'double' to 'float', possible loss of data
d:\github\mazewalker\mazewalker\main.cpp(1309): warning C4244: '=': conversion from 'double' to 'float', possible loss of data
d:\github\mazewalker\mazewalker\main.cpp(1313): warning C4244: '=': conversion from 'double' to 'float', possible loss of data
d:\github\mazewalker\mazewalker\main.cpp(1317): warning C4244: '=': conversion from 'double' to 'float', possible loss of data
d:\github\mazewalker\mazewalker\main.cpp(1342): warning C4244: '=': conversion from 'double' to 'float', possible loss of data
d:\github\mazewalker\mazewalker\main.cpp(1347): warning C4244: '=': conversion from 'double' to 'float', possible loss of data
d:\github\mazewalker\mazewalker\main.cpp(1352): warning C4244: '=': conversion from 'double' to 'float', possible loss of data
d:\github\mazewalker\mazewalker\main.cpp(1358): warning C4244: '=': conversion from 'double' to 'float', possible loss of data
d:\github\mazewalker\mazewalker\main.cpp(1364): warning C4244: '=': conversion from 'double' to 'float', possible loss of data
d:\github\mazewalker\mazewalker\main.cpp(1418): warning C4244: '=': conversion from 'double' to 'float', possible loss of data
d:\github\mazewalker\mazewalker\main.cpp(1422): warning C4244: '=': conversion from 'double' to 'float', possible loss of data
d:\github\mazewalker\mazewalker\main.cpp(1426): warning C4244: '=': conversion from 'double' to 'float', possible loss of data
d:\github\mazewalker\mazewalker\main.cpp(1451): warning C4244: '=': conversion from 'double' to 'float', possible loss of data
d:\github\mazewalker\mazewalker\main.cpp(1456): warning C4244: '=': conversion from 'double' to 'float', possible loss of data
d:\github\mazewalker\mazewalker\main.cpp(1461): warning C4244: '=': conversion from 'double' to 'float', possible loss of data
d:\github\mazewalker\mazewalker\main.cpp(1467): warning C4244: '=': conversion from 'double' to 'float', possible loss of data
d:\github\mazewalker\mazewalker\main.cpp(1473): warning C4244: '=': conversion from 'double' to 'float', possible loss of data
d:\github\mazewalker\mazewalker\main.cpp(1506): warning C4244: '=': conversion from 'double' to 'float', possible loss of data
d:\github\mazewalker\mazewalker\main.cpp(1511): warning C4244: '=': conversion from 'double' to 'float', possible loss of data
d:\github\mazewalker\mazewalker\main.cpp(1516): warning C4244: '=': conversion from 'double' to 'float', possible loss of data
d:\github\mazewalker\mazewalker\main.cpp(1521): warning C4244: '=': conversion from 'double' to 'float', possible loss of data
d:\github\mazewalker\mazewalker\main.cpp(1526): warning C4244: '=': conversion from 'double' to 'float', possible loss of data
d:\github\mazewalker\mazewalker\main.cpp(1531): warning C4244: '=': conversion from 'double' to 'float', possible loss of data
d:\github\mazewalker\mazewalker\main.cpp(1560): warning C4244: '=': conversion from 'int' to 'float', possible loss of data
d:\github\mazewalker\mazewalker\main.cpp(1561): warning C4244: '=': conversion from 'float' to 'int', possible loss of data
d:\github\mazewalker\mazewalker\main.cpp(1565): warning C4244: '=': conversion from 'int' to 'float', possible loss of data
d:\github\mazewalker\mazewalker\main.cpp(1566): warning C4244: '=': conversion from 'float' to 'int', possible loss of data
d:\github\mazewalker\mazewalker\main.cpp(1570): warning C4244: '=': conversion from 'int' to 'float', possible loss of data
d:\github\mazewalker\mazewalker\main.cpp(1571): warning C4244: '=': conversion from 'float' to 'int', possible loss of data
d:\github\mazewalker\mazewalker\main.cpp(1699): warning C4244: '=': conversion from 'double' to 'float', possible loss of data
d:\github\mazewalker\mazewalker\main.cpp(1703): warning C4244: '=': conversion from 'double' to 'float', possible loss of data
d:\github\mazewalker\mazewalker\main.cpp(1707): warning C4244: '=': conversion from 'double' to 'float', possible loss of data
d:\github\mazewalker\mazewalker\main.cpp(1725): warning C4244: '=': conversion from 'double' to 'float', possible loss of data
d:\github\mazewalker\mazewalker\main.cpp(1741): warning C4244: '=': conversion from 'double' to 'float', possible loss of data
d:\github\mazewalker\mazewalker\main.cpp(1747): warning C4244: '=': conversion from 'double' to 'float', possible loss of data
d:\github\mazewalker\mazewalker\main.cpp(1753): warning C4244: '=': conversion from 'double' to 'float', possible loss of data
d:\github\mazewalker\mazewalker\main.cpp(1759): warning C4244: '=': conversion from 'double' to 'float', possible loss of data
d:\github\mazewalker\mazewalker\main.cpp(1765): warning C4244: '=': conversion from 'double' to 'float', possible loss of data
d:\github\mazewalker\mazewalker\main.cpp(1777): warning C4244: '=': conversion from 'double' to 'float', possible loss of data
d:\github\mazewalker\mazewalker\main.cpp(1783): warning C4244: '=': conversion from 'double' to 'float', possible loss of data
d:\github\mazewalker\mazewalker\main.cpp(1808): warning C4244: '=': conversion from 'double' to 'float', possible loss of data
d:\github\mazewalker\mazewalker\main.cpp(1812): warning C4244: '=': conversion from 'double' to 'float', possible loss of data
d:\github\mazewalker\mazewalker\main.cpp(1816): warning C4244: '=': conversion from 'double' to 'float', possible loss of data
d:\github\mazewalker\mazewalker\main.cpp(1885): warning C4244: '=': conversion from 'double' to 'GLfloat', possible loss of data
d:\github\mazewalker\mazewalker\main.cpp(1889): warning C4244: '=': conversion from 'double' to 'float', possible loss of data
d:\github\mazewalker\mazewalker\main.cpp(1893): warning C4244: '=': conversion from 'double' to 'float', possible loss of data
d:\github\mazewalker\mazewalker\main.cpp(1897): warning C4244: '=': conversion from 'double' to 'float', possible loss of data
d:\github\mazewalker\mazewalker\main.cpp(1965): warning C4244: '=': conversion from 'double' to 'float', possible loss of data
d:\github\mazewalker\mazewalker\main.cpp(1971): warning C4244: '=': conversion from 'double' to 'float', possible loss of data
d:\github\mazewalker\mazewalker\main.cpp(1978): warning C4244: '=': conversion from 'double' to 'float', possible loss of data
d:\github\mazewalker\mazewalker\main.cpp(2003): warning C4244: '=': conversion from 'double' to 'float', possible loss of data
d:\github\mazewalker\mazewalker\main.cpp(2099): warning C4244: '=': conversion from 'double' to 'GLfloat', possible loss of data
d:\github\mazewalker\mazewalker\main.cpp(2104): warning C4244: '=': conversion from 'double' to 'float', possible loss of data
d:\github\mazewalker\mazewalker\main.cpp(2109): warning C4244: '=': conversion from 'double' to 'float', possible loss of data
d:\github\mazewalker\mazewalker\main.cpp(2113): warning C4244: '=': conversion from 'double' to 'float', possible loss of data
d:\github\mazewalker\mazewalker\main.cpp(2162): warning C4244: '=': conversion from 'double' to 'float', possible loss of data
d:\github\mazewalker\mazewalker\main.cpp(2168): warning C4244: '=': conversion from 'double' to 'float', possible loss of data
d:\github\mazewalker\mazewalker\main.cpp(2174): warning C4244: '=': conversion from 'double' to 'float', possible loss of data
d:\github\mazewalker\mazewalker\main.cpp(2196): warning C4244: '=': conversion from 'double' to 'float', possible loss of data
d:\github\mazewalker\mazewalker\main.cpp(2349): warning C4244: '=': conversion from 'double' to 'float', possible loss of data
d:\github\mazewalker\mazewalker\main.cpp(2433): warning C4244: '=': conversion from 'double' to 'float', possible loss of data
d:\github\mazewalker\mazewalker\main.cpp(2437): warning C4244: '=': conversion from 'double' to 'GLfloat', possible loss of data
d:\github\mazewalker\mazewalker\main.cpp(2461): warning C4244: '+=': conversion from 'double' to 'float', possible loss of data
d:\github\mazewalker\mazewalker\main.cpp(2465): warning C4244: '+=': conversion from 'double' to 'float', possible loss of data
d:\github\mazewalker\mazewalker\main.cpp(2469): warning C4244: '+=': conversion from 'double' to 'float', possible loss of data
d:\github\mazewalker\mazewalker\main.cpp(2477): warning C4244: '+=': conversion from 'double' to 'float', possible loss of data
d:\github\mazewalker\mazewalker\main.cpp(2481): warning C4244: '+=': conversion from 'double' to 'float', possible loss of data
d:\github\mazewalker\mazewalker\main.cpp(2485): warning C4244: '+=': conversion from 'double' to 'float', possible loss of data
d:\github\mazewalker\mazewalker\main.cpp(2489): warning C4244: '*=': conversion from 'double' to 'GLfloat', possible loss of data
d:\github\mazewalker\mazewalker\main.cpp(2548): warning C4244: '=': conversion from 'float' to 'int', possible loss of data
d:\github\mazewalker\mazewalker\main.cpp(2621): warning C4244: '=': conversion from 'double' to 'float', possible loss of data
d:\github\mazewalker\mazewalker\main.cpp(2627): warning C4244: '=': conversion from 'double' to 'float', possible loss of data
d:\github\mazewalker\mazewalker\main.cpp(2633): warning C4244: '=': conversion from 'double' to 'float', possible loss of data
d:\github\mazewalker\mazewalker\main.cpp(2645): warning C4244: '=': conversion from 'double' to 'float', possible loss of data
d:\github\mazewalker\mazewalker\main.cpp(2649): warning C4244: '=': conversion from 'double' to 'float', possible loss of data
d:\github\mazewalker\mazewalker\main.cpp(2654): warning C4244: '=': conversion from 'double' to 'float', possible loss of data
d:\github\mazewalker\mazewalker\main.cpp(2655): warning C4244: 'argument': conversion from 'float' to 'int', possible loss of data
d:\github\mazewalker\mazewalker\main.cpp(2661): warning C4244: '=': conversion from 'double' to 'float', possible loss of data
d:\github\mazewalker\mazewalker\main.cpp(2662): warning C4244: 'argument': conversion from 'float' to 'int', possible loss of data
d:\github\mazewalker\mazewalker\main.cpp(2723): warning C4244: '=': conversion from 'double' to 'float', possible loss of data
d:\github\mazewalker\mazewalker\main.cpp(2729): warning C4244: '=': conversion from 'double' to 'float', possible loss of data
d:\github\mazewalker\mazewalker\main.cpp(2735): warning C4244: '=': conversion from 'double' to 'float', possible loss of data
d:\github\mazewalker\mazewalker\main.cpp(2741): warning C4244: '=': conversion from 'double' to 'float', possible loss of data
d:\github\mazewalker\mazewalker\main.cpp(2747): warning C4244: '=': conversion from 'double' to 'float', possible loss of data
d:\github\mazewalker\mazewalker\main.cpp(2753): warning C4244: '=': conversion from 'double' to 'float', possible loss of data
d:\github\mazewalker\mazewalker\main.cpp(2847): warning C4244: '=': conversion from 'double' to 'float', possible loss of data
d:\github\mazewalker\mazewalker\main.cpp(2853): warning C4244: '=': conversion from 'double' to 'float', possible loss of data
d:\github\mazewalker\mazewalker\main.cpp(2859): warning C4244: '=': conversion from 'double' to 'float', possible loss of data
d:\github\mazewalker\mazewalker\main.cpp(2865): warning C4244: '=': conversion from 'double' to 'float', possible loss of data
d:\github\mazewalker\mazewalker\main.cpp(2871): warning C4244: '=': conversion from 'double' to 'float', possible loss of data
d:\github\mazewalker\mazewalker\main.cpp(2877): warning C4244: '=': conversion from 'double' to 'float', possible loss of data
d:\github\mazewalker\mazewalker\main.cpp(2986): warning C4244: '=': conversion from 'double' to 'float', possible loss of data
d:\github\mazewalker\mazewalker\main.cpp(3042): warning C4305: 'initializing': truncation from 'double' to 'float'
d:\github\mazewalker\mazewalker\main.cpp(3052): warning C4244: '=': conversion from 'double' to 'float', possible loss of data
d:\github\mazewalker\mazewalker\main.cpp(3056): warning C4244: '=': conversion from 'double' to 'float', possible loss of data
d:\github\mazewalker\mazewalker\main.cpp(3076): warning C4244: '=': conversion from 'double' to 'float', possible loss of data
d:\github\mazewalker\mazewalker\main.cpp(3080): warning C4244: '=': conversion from 'double' to 'float', possible loss of data
d:\github\mazewalker\mazewalker\main.cpp(3084): warning C4244: '=': conversion from 'double' to 'float', possible loss of data
d:\github\mazewalker\mazewalker\main.cpp(3101): warning C4244: '=': conversion from 'double' to 'float', possible loss of data
d:\github\mazewalker\mazewalker\main.cpp(3105): warning C4244: '=': conversion from 'double' to 'float', possible loss of data
d:\github\mazewalker\mazewalker\main.cpp(3109): warning C4244: '=': conversion from 'double' to 'float', possible loss of data
d:\github\mazewalker\mazewalker\main.cpp(3123): warning C4244: '=': conversion from 'double' to 'float', possible loss of data
d:\github\mazewalker\mazewalker\main.cpp(3127): warning C4244: '=': conversion from 'double' to 'float', possible loss of data
d:\github\mazewalker\mazewalker\main.cpp(3131): warning C4244: '=': conversion from 'double' to 'float', possible loss of data
d:\github\mazewalker\mazewalker\main.cpp(3136): warning C4305: 'argument': truncation from 'double' to 'float'
d:\github\mazewalker\mazewalker\main.cpp(3154): warning C4473: 'sprintf' : not enough arguments passed for format string
  d:\github\mazewalker\mazewalker\main.cpp(3154): note: placeholders and their parameters expect 2 variadic arguments, but 1 were provided
  d:\github\mazewalker\mazewalker\main.cpp(3154): note: the missing variadic argument 2 is required by format string '%s'
d:\github\mazewalker\mazewalker\main.cpp(3192): warning C4244: 'argument': conversion from 'double' to 'float', possible loss of data
d:\github\mazewalker\mazewalker\main.cpp(1552): warning C4101: 'z': unreferenced local variable
d:\github\mazewalker\mazewalker\main.cpp(1553): warning C4101: 'texX': unreferenced local variable
d:\github\mazewalker\mazewalker\main.cpp(1552): warning C4101: 'y': unreferenced local variable
d:\github\mazewalker\mazewalker\main.cpp(1552): warning C4101: 'x': unreferenced local variable
d:\github\mazewalker\mazewalker\main.cpp(1553): warning C4101: 'texY': unreferenced local variable
d:\github\mazewalker\mazewalker\main.cpp(3228): warning C4244: 'argument': conversion from 'time_t' to 'unsigned int', possible loss of data
d:\github\mazewalker\mazewalker\main.cpp(3249): warning C4552: '!=': result of expression not used
d:\github\mazewalker\mazewalker\main.cpp(3353): warning C4244: '=': conversion from 'float' to 'int', possible loss of data
d:\github\mazewalker\mazewalker\main.cpp(3354): warning C4244: '=': conversion from 'float' to 'int', possible loss of data
d:\github\mazewalker\mazewalker\main.cpp(3400): warning C4244: '=': conversion from 'float' to 'int', possible loss of data
d:\github\mazewalker\mazewalker\main.cpp(3471): warning C4244: '=': conversion from 'float' to 'int', possible loss of data
d:\github\mazewalker\mazewalker\main.cpp(3536): warning C4244: '=': conversion from 'double' to 'float', possible loss of data
d:\github\mazewalker\mazewalker\main.cpp(3545): warning C4244: '=': conversion from 'double' to 'float', possible loss of data
d:\github\mazewalker\mazewalker\main.cpp(3546): warning C4244: 'argument': conversion from 'float' to 'int', possible loss of data
d:\github\mazewalker\mazewalker\main.cpp(3552): warning C4244: '=': conversion from 'double' to 'float', possible loss of data
d:\github\mazewalker\mazewalker\main.cpp(3553): warning C4244: 'argument': conversion from 'float' to 'int', possible loss of data
d:\github\mazewalker\mazewalker\main.cpp(3557): warning C4244: '=': conversion from 'float' to 'int', possible loss of data
d:\github\mazewalker\mazewalker\main.cpp(3566): warning C4473: 'sscanf_s' : not enough arguments passed for format string
  d:\github\mazewalker\mazewalker\main.cpp(3566): note: placeholders and their parameters expect 4 variadic arguments, but 1 were provided
  d:\github\mazewalker\mazewalker\main.cpp(3566): note: the missing variadic argument 2 is required by format string '%f'
d:\github\mazewalker\mazewalker\main.cpp(3569): warning C4244: '=': conversion from 'float' to 'int', possible loss of data
d:\github\mazewalker\mazewalker\main.cpp(3668): warning C4244: '=': conversion from 'float' to 'int', possible loss of data
d:\github\mazewalker\mazewalker\main.cpp(3669): warning C4244: '=': conversion from 'float' to 'int', possible loss of data
d:\github\mazewalker\mazewalker\main.cpp(3679): warning C4244: '=': conversion from 'float' to 'DWORD', possible loss of data
d:\github\mazewalker\mazewalker\main.cpp(3756): warning C4244: '=': conversion from 'float' to 'int', possible loss of data
d:\github\mazewalker\mazewalker\main.cpp(4070): warning C4244: '=': conversion from 'float' to 'int', possible loss of data
d:\github\mazewalker\mazewalker\main.cpp(4283): warning C4244: '=': conversion from 'float' to 'int', possible loss of data
d:\github\mazewalker\mazewalker\main.cpp(4285): warning C4244: '=': conversion from 'float' to 'int', possible loss of data
d:\github\mazewalker\mazewalker\main.cpp(4369): warning C4244: '=': conversion from 'float' to 'int', possible loss of data
d:\github\mazewalker\mazewalker\main.cpp(4440): warning C4244: '=': conversion from 'float' to 'int', possible loss of data
d:\github\mazewalker\mazewalker\main.cpp(4441): warning C4244: '=': conversion from 'float' to 'int', possible loss of data
d:\github\mazewalker\mazewalker\main.cpp(4451): warning C4244: '=': conversion from 'float' to 'int', possible loss of data
d:\github\mazewalker\mazewalker\main.cpp(4453): warning C4244: '=': conversion from 'float' to 'int', possible loss of data
d:\github\mazewalker\mazewalker\main.cpp(4462): warning C4244: '=': conversion from 'float' to 'int', possible loss of data
d:\github\mazewalker\mazewalker\main.cpp(4469): warning C4244: '=': conversion from 'float' to 'int', possible loss of data
d:\github\mazewalker\mazewalker\main.cpp(4471): warning C4244: '=': conversion from 'float' to 'int', possible loss of data
d:\github\mazewalker\mazewalker\main.cpp(4531): warning C4244: '=': conversion from 'float' to 'int', possible loss of data
d:\github\mazewalker\mazewalker\main.cpp(4533): warning C4244: '=': conversion from 'float' to 'int', possible loss of data
d:\github\mazewalker\mazewalker\main.cpp(4544): warning C4244: '=': conversion from 'float' to 'int', possible loss of data
d:\github\mazewalker\mazewalker\main.cpp(4583): warning C4244: '=': conversion from 'float' to 'int', possible loss of data
d:\github\mazewalker\mazewalker\main.cpp(4623): warning C4553: '==': result of expression not used; did you intend '='?
d:\github\mazewalker\mazewalker\main.cpp(4641): warning C4244: 'argument': conversion from 'double' to 'float', possible loss of data
d:\github\mazewalker\mazewalker\main.cpp(4758): warning C4018: '<': signed/unsigned mismatch
d:\github\mazewalker\mazewalker\main.cpp(4784): warning C4018: '<': signed/unsigned mismatch
d:\github\mazewalker\mazewalker\main.cpp(4959): warning C4244: 'argument': conversion from 'time_t' to 'unsigned int', possible loss of data
d:\github\mazewalker\mazewalker\main.cpp(5438): warning C4244: 'argument': conversion from 'double' to 'GLfloat', possible loss of data
d:\github\mazewalker\mazewalker\main.cpp(5575): warning C4305: 'initializing': truncation from 'double' to 'float'
d:\github\mazewalker\mazewalker\main.cpp(5786): warning C4244: 'initializing': conversion from 'double' to 'float', possible loss of data
d:\github\mazewalker\mazewalker\main.cpp(5967): warning C4244: 'argument': conversion from 'LONG' to 'GLfloat', possible loss of data
d:\github\mazewalker\mazewalker\main.cpp(5968): warning C4244: 'argument': conversion from 'LONG' to 'GLfloat', possible loss of data
d:\github\mazewalker\mazewalker\main.cpp(5969): warning C4244: 'argument': conversion from 'LONG' to 'GLfloat', possible loss of data
d:\github\mazewalker\mazewalker\main.cpp(5970): warning C4244: 'argument': conversion from 'LONG' to 'GLfloat', possible loss of data
d:\github\mazewalker\mazewalker\main.cpp(5974): warning C4244: 'argument': conversion from 'LONG' to 'GLfloat', possible loss of data
d:\github\mazewalker\mazewalker\main.cpp(5975): warning C4244: 'argument': conversion from 'LONG' to 'GLfloat', possible loss of data
d:\github\mazewalker\mazewalker\main.cpp(5976): warning C4244: 'argument': conversion from 'LONG' to 'GLfloat', possible loss of data
d:\github\mazewalker\mazewalker\main.cpp(5977): warning C4244: 'argument': conversion from 'LONG' to 'GLfloat', possible loss of data
d:\github\mazewalker\mazewalker\main.cpp(5981): warning C4244: 'argument': conversion from 'LONG' to 'GLfloat', possible loss of data
d:\github\mazewalker\mazewalker\main.cpp(5982): warning C4244: 'argument': conversion from 'LONG' to 'GLfloat', possible loss of data
d:\github\mazewalker\mazewalker\main.cpp(5983): warning C4244: 'argument': conversion from 'LONG' to 'GLfloat', possible loss of data
d:\github\mazewalker\mazewalker\main.cpp(5984): warning C4244: 'argument': conversion from 'LONG' to 'GLfloat', possible loss of data
d:\github\mazewalker\mazewalker\main.cpp(5990): warning C4244: 'argument': conversion from 'LONG' to 'GLfloat', possible loss of data
d:\github\mazewalker\mazewalker\main.cpp(5991): warning C4244: 'argument': conversion from 'LONG' to 'GLfloat', possible loss of data
d:\github\mazewalker\mazewalker\main.cpp(5992): warning C4244: 'argument': conversion from 'LONG' to 'GLfloat', possible loss of data
d:\github\mazewalker\mazewalker\main.cpp(5993): warning C4244: 'argument': conversion from 'LONG' to 'GLfloat', possible loss of data
d:\github\mazewalker\mazewalker\main.cpp(5997): warning C4244: 'argument': conversion from 'LONG' to 'GLfloat', possible loss of data
d:\github\mazewalker\mazewalker\main.cpp(5998): warning C4244: 'argument': conversion from 'LONG' to 'GLfloat', possible loss of data
d:\github\mazewalker\mazewalker\main.cpp(5999): warning C4244: 'argument': conversion from 'LONG' to 'GLfloat', possible loss of data
d:\github\mazewalker\mazewalker\main.cpp(6000): warning C4244: 'argument': conversion from 'LONG' to 'GLfloat', possible loss of data
d:\github\mazewalker\mazewalker\main.cpp(6004): warning C4244: 'argument': conversion from 'LONG' to 'GLfloat', possible loss of data
d:\github\mazewalker\mazewalker\main.cpp(6005): warning C4244: 'argument': conversion from 'LONG' to 'GLfloat', possible loss of data
d:\github\mazewalker\mazewalker\main.cpp(6006): warning C4244: 'argument': conversion from 'LONG' to 'GLfloat', possible loss of data
d:\github\mazewalker\mazewalker\main.cpp(6007): warning C4244: 'argument': conversion from 'LONG' to 'GLfloat', possible loss of data
d:\github\mazewalker\mazewalker\main.cpp(6016): warning C4244: 'argument': conversion from 'int' to 'GLfloat', possible loss of data
d:\github\mazewalker\mazewalker\main.cpp(6017): warning C4244: 'argument': conversion from 'int' to 'GLfloat', possible loss of data
d:\github\mazewalker\mazewalker\main.cpp(6018): warning C4244: 'argument': conversion from 'int' to 'GLfloat', possible loss of data
d:\github\mazewalker\mazewalker\main.cpp(6019): warning C4244: 'argument': conversion from 'int' to 'GLfloat', possible loss of data
d:\github\mazewalker\mazewalker\main.cpp(6022): warning C4244: 'argument': conversion from 'int' to 'GLfloat', possible loss of data
d:\github\mazewalker\mazewalker\main.cpp(6023): warning C4244: 'argument': conversion from 'int' to 'GLfloat', possible loss of data
d:\github\mazewalker\mazewalker\main.cpp(6024): warning C4244: 'argument': conversion from 'int' to 'GLfloat', possible loss of data
d:\github\mazewalker\mazewalker\main.cpp(6025): warning C4244: 'argument': conversion from 'int' to 'GLfloat', possible loss of data
d:\github\mazewalker\mazewalker\main.cpp(6238): warning C4305: 'argument': truncation from 'double' to 'float'
d:\github\mazewalker\mazewalker\main.cpp(6257): warning C4244: '=': conversion from 'int' to 'float', possible loss of data
d:\github\mazewalker\mazewalker\main.cpp(6258): warning C4244: '=': conversion from 'int' to 'float', possible loss of data
d:\github\mazewalker\mazewalker\main.cpp(6331): warning C4244: '=': conversion from 'int' to 'float', possible loss of data
d:\github\mazewalker\mazewalker\main.cpp(6332): warning C4244: '=': conversion from 'int' to 'float', possible loss of data
d:\github\mazewalker\mazewalker\main.cpp(6466): warning C4244: 'initializing': conversion from 'float' to 'int', possible loss of data
d:\github\mazewalker\mazewalker\main.cpp(6486): warning C4018: '<': signed/unsigned mismatch
d:\github\mazewalker\mazewalker\main.cpp(6606): warning C4244: 'initializing': conversion from 'double' to 'int', possible loss of data
d:\github\mazewalker\mazewalker\main.cpp(6612): warning C4244: 'initializing': conversion from 'double' to 'int', possible loss of data
d:\github\mazewalker\mazewalker\main.cpp(6619): warning C4244: 'argument': conversion from 'double' to 'int', possible loss of data
d:\github\mazewalker\mazewalker\main.cpp(6665): warning C4305: 'argument': truncation from 'double' to 'float'
d:\github\mazewalker\mazewalker\main.cpp(6690): warning C4018: '>': signed/unsigned mismatch
d:\github\mazewalker\mazewalker\main.cpp(6776): warning C4244: 'argument': conversion from 'int' to 'GLfloat', possible loss of data
d:\github\mazewalker\mazewalker\main.cpp(6777): warning C4244: 'argument': conversion from 'int' to 'GLfloat', possible loss of data
d:\github\mazewalker\mazewalker\main.cpp(6778): warning C4244: 'argument': conversion from 'int' to 'GLfloat', possible loss of data
d:\github\mazewalker\mazewalker\main.cpp(6827): warning C4018: '>=': signed/unsigned mismatch
d:\github\mazewalker\mazewalker\main.cpp(6932): warning C4244: 'initializing': conversion from 'int' to 'float', possible loss of data
d:\github\mazewalker\mazewalker\main.cpp(6933): warning C4244: 'initializing': conversion from 'int' to 'float', possible loss of data
d:\github\mazewalker\mazewalker\main.cpp(6968): warning C4244: '=': conversion from 'int' to 'float', possible loss of data
d:\github\mazewalker\mazewalker\main.cpp(6972): warning C4244: '=': conversion from 'int' to 'float', possible loss of data
d:\github\mazewalker\mazewalker\main.cpp(6996): warning C4244: 'argument': conversion from 'double' to 'GLfloat', possible loss of data
d:\github\mazewalker\mazewalker\main.cpp(7002): warning C4244: 'argument': conversion from 'double' to 'GLfloat', possible loss of data
d:\github\mazewalker\mazewalker\main.cpp(7041): warning C4244: 'argument': conversion from 'double' to 'GLfloat', possible loss of data
d:\github\mazewalker\mazewalker\main.cpp(7043): warning C4244: 'argument': conversion from 'double' to 'GLfloat', possible loss of data
d:\github\mazewalker\mazewalker\main.cpp(7050): warning C4244: 'argument': conversion from 'double' to 'GLfloat', possible loss of data
d:\github\mazewalker\mazewalker\main.cpp(7070): warning C4244: 'argument': conversion from 'double' to 'GLfloat', possible loss of data
d:\github\mazewalker\mazewalker\main.cpp(7074): warning C4244: 'argument': conversion from 'double' to 'GLfloat', possible loss of data
d:\github\mazewalker\mazewalker\main.cpp(7078): warning C4244: 'argument': conversion from 'double' to 'GLfloat', possible loss of data
d:\github\mazewalker\mazewalker\main.cpp(7084): warning C4244: 'argument': conversion from 'double' to 'GLfloat', possible loss of data
d:\github\mazewalker\mazewalker\main.cpp(7097): warning C4244: 'argument': conversion from 'double' to 'GLfloat', possible loss of data
d:\github\mazewalker\mazewalker\main.cpp(7118): warning C4244: 'argument': conversion from 'double' to 'GLfloat', possible loss of data
d:\github\mazewalker\mazewalker\main.cpp(7125): warning C4244: 'argument': conversion from 'double' to 'GLfloat', possible loss of data
d:\github\mazewalker\mazewalker\main.cpp(7204): warning C4018: '<': signed/unsigned mismatch
d:\github\mazewalker\mazewalker\main.cpp(7337): warning C4018: '>': signed/unsigned mismatch
d:\github\mazewalker\mazewalker\main.cpp(7430): warning C4305: '*=': truncation from 'double' to 'float'
d:\github\mazewalker\mazewalker\main.cpp(7482): warning C4244: 'argument': conversion from 'double' to 'float', possible loss of data
d:\github\mazewalker\mazewalker\main.cpp(7487): warning C4244: 'argument': conversion from 'double' to 'float', possible loss of data
d:\github\mazewalker\mazewalker\main.cpp(7491): warning C4244: 'argument': conversion from 'double' to 'float', possible loss of data
d:\github\mazewalker\mazewalker\main.cpp(7496): warning C4244: 'argument': conversion from 'double' to 'float', possible loss of data
d:\github\mazewalker\mazewalker\main.cpp(7548): warning C4244: 'argument': conversion from 'double' to 'float', possible loss of data
d:\github\mazewalker\mazewalker\main.cpp(7560): warning C4244: '=': conversion from 'volatile int' to 'float', possible loss of data
d:\github\mazewalker\mazewalker\main.cpp(7660): warning C4244: 'argument': conversion from 'const btScalar' to 'float', possible loss of data
d:\github\mazewalker\mazewalker\main.cpp(7666): warning C4244: '=': conversion from 'const btScalar' to 'float', possible loss of data
d:\github\mazewalker\mazewalker\main.cpp(7667): warning C4244: '=': conversion from 'const btScalar' to 'float', possible loss of data
d:\github\mazewalker\mazewalker\main.cpp(7668): warning C4244: '=': conversion from 'const btScalar' to 'float', possible loss of data
d:\github\mazewalker\mazewalker\main.cpp(7687): warning C4305: '=': truncation from 'double' to 'GLfloat'
d:\github\mazewalker\mazewalker\main.cpp(7802): warning C4244: 'argument': conversion from 'double' to 'float', possible loss of data
d:\github\mazewalker\mazewalker\main.cpp(7808): warning C4305: '+=': truncation from 'double' to 'float'
d:\github\mazewalker\mazewalker\main.cpp(7810): warning C4305: '-=': truncation from 'double' to 'float'
d:\github\mazewalker\mazewalker\main.cpp(7820): warning C4305: '+=': truncation from 'double' to 'float'
d:\github\mazewalker\mazewalker\main.cpp(7822): warning C4305: '-=': truncation from 'double' to 'float'
d:\github\mazewalker\mazewalker\main.cpp(7841): warning C4244: '+=': conversion from 'double' to 'float', possible loss of data
d:\github\mazewalker\mazewalker\main.cpp(7843): warning C4244: '-=': conversion from 'double' to 'float', possible loss of data
d:\github\mazewalker\mazewalker\main.cpp(7888): warning C4305: '-=': truncation from 'double' to 'float'
d:\github\mazewalker\mazewalker\main.cpp(7920): warning C4305: '=': truncation from 'double' to 'GLfloat'
d:\github\mazewalker\mazewalker\main.cpp(8604): warning C4101: 'inp1': unreferenced local variable
d:\github\mazewalker\mazewalker\main.cpp(11167): warning C4244: '=': conversion from 'UINT' to 'float', possible loss of data
d:\github\mazewalker\mazewalker\main.cpp(11168): warning C4244: 'argument': conversion from 'float' to 'UINT', possible loss of data
d:\github\mazewalker\mazewalker\main.cpp(11180): warning C4244: '=': conversion from 'UINT' to 'float', possible loss of data
d:\github\mazewalker\mazewalker\main.cpp(11181): warning C4244: 'argument': conversion from 'float' to 'UINT', possible loss of data
d:\github\mazewalker\mazewalker\main.cpp(11183): warning C4244: '=': conversion from 'UINT' to 'float', possible loss of data
d:\github\mazewalker\mazewalker\main.cpp(11184): warning C4244: 'argument': conversion from 'float' to 'UINT', possible loss of data
d:\github\mazewalker\mazewalker\main.cpp(11221): warning C4244: '=': conversion from 'UINT' to 'float', possible loss of data
d:\github\mazewalker\mazewalker\main.cpp(11239): warning C4244: '=': conversion from 'UINT' to 'float', possible loss of data
d:\github\mazewalker\mazewalker\main.cpp(11243): warning C4244: '=': conversion from 'UINT' to 'float', possible loss of data
d:\github\mazewalker\mazewalker\main.cpp(11248): warning C4244: '=': conversion from 'UINT' to 'float', possible loss of data
d:\github\mazewalker\mazewalker\main.cpp(11910): warning C4244: 'initializing': conversion from 'double' to 'int', possible loss of data
d:\github\mazewalker\mazewalker\main.cpp(11950): warning C4244: 'argument': conversion from 'double' to 'float', possible loss of data
d:\github\mazewalker\mazewalker\main.cpp(11955): warning C4244: 'argument': conversion from 'double' to 'float', possible loss of data
d:\github\mazewalker\mazewalker\main.cpp(11963): warning C4244: 'argument': conversion from 'double' to 'float', possible loss of data
d:\github\mazewalker\mazewalker\main.cpp(11968): warning C4244: 'argument': conversion from 'double' to 'float', possible loss of data
d:\github\mazewalker\mazewalker\main.cpp(12002): warning C4305: 'argument': truncation from 'double' to 'float'
d:\github\mazewalker\mazewalker\main.cpp(12018): warning C4305: 'argument': truncation from 'double' to 'float'
d:\github\mazewalker\mazewalker\main.cpp(12027): warning C4305: 'argument': truncation from 'double' to 'float'
d:\github\mazewalker\mazewalker\main.cpp(12032): warning C4305: 'argument': truncation from 'double' to 'float'
d:\github\mazewalker\mazewalker\main.cpp(12048): warning C4305: 'argument': truncation from 'double' to 'float'
d:\github\mazewalker\mazewalker\main.cpp(12057): warning C4305: 'argument': truncation from 'double' to 'float'
d:\github\mazewalker\mazewalker\main.cpp(12062): warning C4305: 'argument': truncation from 'double' to 'float'
d:\github\mazewalker\mazewalker\main.cpp(12078): warning C4305: 'argument': truncation from 'double' to 'float'
d:\github\mazewalker\mazewalker\main.cpp(12087): warning C4305: 'argument': truncation from 'double' to 'float'
d:\github\mazewalker\mazewalker\main.cpp(12166): warning C4305: '-=': truncation from 'double' to 'float'
d:\github\mazewalker\mazewalker\main.cpp(12173): warning C4305: '+=': truncation from 'double' to 'float'
d:\github\mazewalker\mazewalker\main.cpp(12304): warning C4305: '/=': truncation from 'double' to 'float'
d:\github\mazewalker\mazewalker\main.cpp(12315): warning C4305: '-=': truncation from 'double' to 'float'
d:\github\mazewalker\mazewalker\main.cpp(12323): warning C4305: '+=': truncation from 'double' to 'float'
d:\github\mazewalker\mazewalker\main.cpp(12457): warning C4244: 'initializing': conversion from 'float' to 'int', possible loss of data
d:\github\mazewalker\mazewalker\main.cpp(12466): warning C4244: '=': conversion from 'double' to 'float', possible loss of data
d:\github\mazewalker\mazewalker\main.cpp(12471): warning C4305: '=': truncation from 'double' to 'float'
d:\github\mazewalker\mazewalker\main.cpp(12473): warning C4244: '=': conversion from 'double' to 'float', possible loss of data
d:\github\mazewalker\mazewalker\main.cpp(12657): warning C4018: '<': signed/unsigned mismatch
d:\github\mazewalker\mazewalker\main.cpp(12674): warning C4018: '<': signed/unsigned mismatch
d:\github\mazewalker\mazewalker\main.cpp(12760): warning C4018: '<': signed/unsigned mismatch
d:\github\mazewalker\mazewalker\main.cpp(12801): warning C4018: '<': signed/unsigned mismatch
d:\github\mazewalker\mazewalker\main.cpp(13243): warning C4244: 'argument': conversion from 'int' to 'GLfloat', possible loss of data
d:\github\mazewalker\mazewalker\main.cpp(13245): warning C4244: 'argument': conversion from 'int' to 'GLfloat', possible loss of data
d:\github\mazewalker\mazewalker\main.cpp(13317): warning C4244: 'argument': conversion from 'int' to 'GLfloat', possible loss of data
d:\github\mazewalker\mazewalker\main.cpp(13891): warning C4244: 'argument': conversion from 'int' to 'GLfloat', possible loss of data
d:\github\mazewalker\mazewalker\main.cpp(13892): warning C4244: 'argument': conversion from 'int' to 'GLfloat', possible loss of data
d:\github\mazewalker\mazewalker\main.cpp(13893): warning C4244: 'argument': conversion from 'int' to 'GLfloat', possible loss of data
d:\github\mazewalker\mazewalker\main.cpp(13941): warning C4018: '>=': signed/unsigned mismatch
d:\github\mazewalker\mazewalker\main.cpp(13591): warning C4101: 'nextChar': unreferenced local variable
d:\github\mazewalker\mazewalker\main.cpp(14256): warning C4244: 'initializing': conversion from 'float' to 'DWORD', possible loss of data
d:\github\mazewalker\mazewalker\main.cpp(14532): warning C4244: '=': conversion from 'double' to 'float', possible loss of data
d:\github\mazewalker\mazewalker\main.cpp(14534): warning C4244: '=': conversion from 'double' to 'float', possible loss of data
d:\github\mazewalker\mazewalker\main.cpp(14536): warning C4244: '=': conversion from 'double' to 'float', possible loss of data
d:\github\mazewalker\mazewalker\main.cpp(14544): warning C4244: '=': conversion from 'double' to 'volatile float', possible loss of data
d:\github\mazewalker\mazewalker\main.cpp(14554): warning C4244: '=': conversion from 'double' to 'float', possible loss of data
d:\github\mazewalker\mazewalker\main.cpp(14564): warning C4244: '=': conversion from 'double' to 'float', possible loss of data
d:\github\mazewalker\mazewalker\main.cpp(14573): warning C4244: '=': conversion from 'double' to 'float', possible loss of data
d:\github\mazewalker\mazewalker\main.cpp(14583): warning C4244: '=': conversion from 'double' to 'volatile float', possible loss of data
d:\github\mazewalker\mazewalker\main.cpp(14602): warning C4244: '=': conversion from 'double' to 'float', possible loss of data
d:\github\mazewalker\mazewalker\main.cpp(14604): warning C4244: '=': conversion from 'double' to 'float', possible loss of data
d:\github\mazewalker\mazewalker\main.cpp(14606): warning C4244: '=': conversion from 'double' to 'float', possible loss of data
d:\github\mazewalker\mazewalker\main.cpp(14627): warning C4244: '=': conversion from 'double' to 'float', possible loss of data
d:\github\mazewalker\mazewalker\main.cpp(14629): warning C4244: '=': conversion from 'double' to 'float', possible loss of data
d:\github\mazewalker\mazewalker\main.cpp(14631): warning C4244: '=': conversion from 'double' to 'float', possible loss of data
d:\github\mazewalker\mazewalker\main.cpp(14633): warning C4244: '=': conversion from 'double' to 'GLfloat', possible loss of data
d:\github\mazewalker\mazewalker\main.cpp(14697): warning C4244: '=': conversion from 'int' to 'volatile float', possible loss of data
d:\github\mazewalker\mazewalker\main.cpp(14707): warning C4244: '=': conversion from 'int' to 'float', possible loss of data
d:\github\mazewalker\mazewalker\main.cpp(14868): warning C4244: '=': conversion from 'double' to 'int', possible loss of data
d:\github\mazewalker\mazewalker\main.cpp(14870): warning C4244: '=': conversion from 'double' to 'int', possible loss of data
d:\github\mazewalker\mazewalker\main.cpp(14872): warning C4244: '=': conversion from 'double' to 'int', possible loss of data
d:\github\mazewalker\mazewalker\main.cpp(14874): warning C4244: '=': conversion from 'double' to 'int', possible loss of data
d:\github\mazewalker\mazewalker\main.cpp(14878): warning C4244: '=': conversion from 'double' to 'int', possible loss of data
d:\github\mazewalker\mazewalker\main.cpp(14882): warning C4244: '=': conversion from 'double' to 'int', possible loss of data
d:\github\mazewalker\mazewalker\main.cpp(14886): warning C4244: '=': conversion from 'double' to 'int', possible loss of data
d:\github\mazewalker\mazewalker\main.cpp(14890): warning C4244: '=': conversion from 'double' to 'int', possible loss of data
d:\github\mazewalker\mazewalker\main.cpp(15078): warning C4244: '=': conversion from 'UINT' to 'float', possible loss of data
d:\github\mazewalker\mazewalker\main.cpp(15148): warning C4244: '=': conversion from 'UINT' to 'float', possible loss of data
d:\github\mazewalker\mazewalker\main.cpp(15149): warning C4244: '=': conversion from 'UINT' to 'float', possible loss of data
d:\github\mazewalker\mazewalker\main.cpp(15152): warning C4244: '=': conversion from 'UINT' to 'float', possible loss of data
d:\github\mazewalker\mazewalker\main.cpp(15153): warning C4244: '=': conversion from 'UINT' to 'float', possible loss of data
d:\github\mazewalker\mazewalker\main.cpp(15188): warning C4244: '=': conversion from 'GLdouble' to 'LONG', possible loss of data
d:\github\mazewalker\mazewalker\main.cpp(15189): warning C4244: '=': conversion from 'GLdouble' to 'LONG', possible loss of data
d:\github\mazewalker\mazewalker\main.cpp(15248): warning C4244: 'initializing': conversion from 'btScalar' to 'float', possible loss of data
d:\github\mazewalker\mazewalker\main.cpp(15249): warning C4244: 'initializing': conversion from 'btScalar' to 'float', possible loss of data
d:\github\mazewalker\mazewalker\main.cpp(15250): warning C4244: 'initializing': conversion from 'btScalar' to 'float', possible loss of data
d:\github\mazewalker\mazewalker\main.cpp(15296): warning C4244: '=': conversion from 'double' to 'float', possible loss of data
d:\github\mazewalker\mazewalker\main.cpp(4791): warning C4172: returning address of local variable or temporary: ret
d:\github\mazewalker\mazewalker\main.cpp(4702): warning C4172: returning address of local variable or temporary: fname
d:\github\mazewalker\mazewalker\main.cpp(4767): warning C4172: returning address of local variable or temporary: f
d:\github\mazewalker\mazewalker\main.cpp(4777): warning C4172: returning address of local variable or temporary: next
d:\github\mazewalker\mazewalker\main.cpp(7288): warning C4172: returning address of local variable or temporary: ret
D:\Program Files (x86)\Microsoft Visual Studio\2017\Community\Common7\IDE\VC\VCTargets\Platforms\Win32\PlatformToolsets\v141_xp\Toolset.targets(39,5): warning MSB8051: Support for targeting Windows XP is deprecated and will not be present in future releases of Visual Studio. Please see https://go.microsoft.com/fwlink/?linkid=2023588 for more information.
D:\Program Files (x86)\Microsoft Visual Studio\2017\Community\Common7\IDE\VC\VCTargets\Platforms\Win32\PlatformToolsets\v141_xp\Toolset.targets(39,5): warning MSB8051: Support for targeting Windows XP is deprecated and will not be present in future releases of Visual Studio. Please see https://go.microsoft.com/fwlink/?linkid=2023588 for more information.
D:\Program Files (x86)\Microsoft Visual Studio\2017\Community\Common7\IDE\VC\VCTargets\Platforms\Win32\PlatformToolsets\v141_xp\Toolset.targets(39,5): warning MSB8051: Support for targeting Windows XP is deprecated and will not be present in future releases of Visual Studio. Please see https://go.microsoft.com/fwlink/?linkid=2023588 for more information.
  MazeWalker.vcxproj -> D:\GitHub\MazeWalker\MazeWalker\Debug\MazeWalker.exe
