d:\vsstudio\visual studio 2013\projects\mazewalker\release\tmp\vc141.pdb
d:\vsstudio\visual studio 2013\projects\mazewalker\release\tmp\main.obj
d:\vsstudio\visual studio 2013\projects\mazewalker\release\tmp\glm.obj
d:\vsstudio\visual studio 2013\projects\mazewalker\release\tmp\com.obj
d:\vsstudio\visual studio 2013\projects\mazewalker\release\tmp\serversocket.obj
d:\vsstudio\visual studio 2013\projects\mazewalker\release\tmp\glmimg.obj
d:\vsstudio\visual studio 2013\projects\mazewalker\release\tmp\tools.obj
d:\vsstudio\visual studio 2013\projects\mazewalker\release\tmp\setcontrols.obj
d:\vsstudio\visual studio 2013\projects\mazewalker\release\tmp\qpc.obj
d:\vsstudio\visual studio 2013\projects\mazewalker\release\tmp\particle.obj
d:\vsstudio\visual studio 2013\projects\mazewalker\release\tmp\mylist.obj
d:\vsstudio\visual studio 2013\projects\mazewalker\release\tmp\mylightlist.obj
d:\vsstudio\visual studio 2013\projects\mazewalker\release\tmp\mazx.obj
d:\vsstudio\visual studio 2013\projects\mazewalker\release\tmp\mazelistitem.obj
d:\vsstudio\visual studio 2013\projects\mazewalker\release\tmp\map.obj
d:\vsstudio\visual studio 2013\projects\mazewalker\release\tmp\log.obj
d:\vsstudio\visual studio 2013\projects\mazewalker\release\tmp\lightitem.obj
d:\vsstudio\visual studio 2013\projects\mazewalker\release\tmp\joystick.obj
d:\vsstudio\visual studio 2013\projects\mazewalker\release\tmp\freetype.obj
d:\vsstudio\visual studio 2013\projects\mazewalker\release\tmp\camera.obj
d:\vsstudio\visual studio 2013\projects\mazewalker\release\tmp\audiodictionary.obj
d:\vsstudio\visual studio 2013\projects\mazewalker\release\tmp\zutil.obj
d:\vsstudio\visual studio 2013\projects\mazewalker\release\tmp\uncompr.obj
d:\vsstudio\visual studio 2013\projects\mazewalker\release\tmp\trees.obj
d:\vsstudio\visual studio 2013\projects\mazewalker\release\tmp\inftrees.obj
d:\vsstudio\visual studio 2013\projects\mazewalker\release\tmp\inflate.obj
d:\vsstudio\visual studio 2013\projects\mazewalker\release\tmp\inffast.obj
d:\vsstudio\visual studio 2013\projects\mazewalker\release\tmp\infback.obj
d:\vsstudio\visual studio 2013\projects\mazewalker\release\tmp\gzio.obj
d:\vsstudio\visual studio 2013\projects\mazewalker\release\tmp\deflate.obj
d:\vsstudio\visual studio 2013\projects\mazewalker\release\tmp\crc32.obj
d:\vsstudio\visual studio 2013\projects\mazewalker\release\tmp\compress.obj
d:\vsstudio\visual studio 2013\projects\mazewalker\release\tmp\adler32.obj
d:\vsstudio\visual studio 2013\projects\mazewalker\release\tmp\texturedictionaryitem.obj
d:\vsstudio\visual studio 2013\projects\mazewalker\release\tmp\texturedictionary.obj
d:\vsstudio\visual studio 2013\projects\mazewalker\release\tmp\texture.obj
d:\vsstudio\visual studio 2013\projects\mazewalker\release\tmp\iowin32.obj
d:\vsstudio\visual studio 2013\projects\mazewalker\release\tmp\ioapi.obj
d:\vsstudio\visual studio 2013\projects\mazewalker\release\tmp\glew.obj
d:\vsstudio\visual studio 2013\projects\mazewalker\release\tmp\pngwutil.obj
d:\vsstudio\visual studio 2013\projects\mazewalker\release\tmp\pngwtran.obj
d:\vsstudio\visual studio 2013\projects\mazewalker\release\tmp\pngwrite.obj
d:\vsstudio\visual studio 2013\projects\mazewalker\release\tmp\pngwio.obj
d:\vsstudio\visual studio 2013\projects\mazewalker\release\tmp\pngvcrd.obj
d:\vsstudio\visual studio 2013\projects\mazewalker\release\tmp\pngtrans.obj
d:\vsstudio\visual studio 2013\projects\mazewalker\release\tmp\pngset.obj
d:\vsstudio\visual studio 2013\projects\mazewalker\release\tmp\pngrutil.obj
d:\vsstudio\visual studio 2013\projects\mazewalker\release\tmp\pngrtran.obj
d:\vsstudio\visual studio 2013\projects\mazewalker\release\tmp\pngrio.obj
d:\vsstudio\visual studio 2013\projects\mazewalker\release\tmp\pngread.obj
d:\vsstudio\visual studio 2013\projects\mazewalker\release\tmp\pngpread.obj
d:\vsstudio\visual studio 2013\projects\mazewalker\release\tmp\pngmem.obj
d:\vsstudio\visual studio 2013\projects\mazewalker\release\tmp\pngget.obj
d:\vsstudio\visual studio 2013\projects\mazewalker\release\tmp\pnggccrd.obj
d:\vsstudio\visual studio 2013\projects\mazewalker\release\tmp\pngerror.obj
d:\vsstudio\visual studio 2013\projects\mazewalker\release\tmp\png.obj
d:\vsstudio\visual studio 2013\projects\mazewalker\release\tmp\unzip.obj
d:\vsstudio\visual studio 2013\projects\mazewalker\release\mazewalker.exe
d:\vsstudio\visual studio 2013\projects\mazewalker\release\mazewalker.pdb
d:\vsstudio\visual studio 2013\projects\mazewalker\release\mazewalker.lib
d:\vsstudio\visual studio 2013\projects\mazewalker\release\mazewalker.exp
d:\vsstudio\visual studio 2013\projects\mazewalker\release\tmp\mazewalker.res
d:\vsstudio\visual studio 2013\projects\mazewalker\release\tmp\mazewalker.tlog\cl.command.1.tlog
d:\vsstudio\visual studio 2013\projects\mazewalker\release\tmp\mazewalker.tlog\cl.read.1.tlog
d:\vsstudio\visual studio 2013\projects\mazewalker\release\tmp\mazewalker.tlog\cl.write.1.tlog
d:\vsstudio\visual studio 2013\projects\mazewalker\release\tmp\mazewalker.tlog\link.command.1.tlog
d:\vsstudio\visual studio 2013\projects\mazewalker\release\tmp\mazewalker.tlog\link.delete.1.tlog
d:\vsstudio\visual studio 2013\projects\mazewalker\release\tmp\mazewalker.tlog\link.read.1.tlog
d:\vsstudio\visual studio 2013\projects\mazewalker\release\tmp\mazewalker.tlog\link.write.1.tlog
d:\vsstudio\visual studio 2013\projects\mazewalker\release\tmp\mazewalker.tlog\mazewalker.write.1u.tlog
d:\vsstudio\visual studio 2013\projects\mazewalker\release\tmp\mazewalker.tlog\rc.command.1.tlog
d:\vsstudio\visual studio 2013\projects\mazewalker\release\tmp\mazewalker.tlog\rc.read.1.tlog
d:\vsstudio\visual studio 2013\projects\mazewalker\release\tmp\mazewalker.tlog\rc.write.1.tlog
