d:\vsstudio\visual studio 2013\projects\mazewalker\bullet\build3\vs2010\obj\x32\debug\bulletdynamics\btcontactconstraint.obj
d:\vsstudio\visual studio 2013\projects\mazewalker\bullet\build3\vs2010\obj\x32\debug\bulletdynamics\btgearconstraint.obj
d:\vsstudio\visual studio 2013\projects\mazewalker\bullet\build3\vs2010\obj\x32\debug\bulletdynamics\bthingeconstraint.obj
d:\vsstudio\visual studio 2013\projects\mazewalker\bullet\build3\vs2010\obj\x32\debug\bulletdynamics\btsolve2linearconstraint.obj
d:\vsstudio\visual studio 2013\projects\mazewalker\bullet\build3\vs2010\obj\x32\debug\bulletdynamics\btuniversalconstraint.obj
d:\vsstudio\visual studio 2013\projects\mazewalker\bullet\build3\vs2010\obj\x32\debug\bulletdynamics\btsimpledynamicsworld.obj
d:\vsstudio\visual studio 2013\projects\mazewalker\bullet\build3\vs2010\obj\x32\debug\bulletdynamics\btmultibodyconstraintsolver.obj
d:\vsstudio\visual studio 2013\projects\mazewalker\bullet\build3\vs2010\obj\x32\debug\bulletdynamics\btmultibodypoint2point.obj
d:\vsstudio\visual studio 2013\projects\mazewalker\bullet\build3\vs2010\obj\x32\debug\bulletdynamics\btraycastvehicle.obj
d:\vsstudio\visual studio 2013\projects\mazewalker\bullet\build3\vs2010\obj\x32\debug\bulletdynamics\btconetwistconstraint.obj
d:\vsstudio\visual studio 2013\projects\mazewalker\bullet\build3\vs2010\obj\x32\debug\bulletdynamics\btgeneric6dofconstraint.obj
d:\vsstudio\visual studio 2013\projects\mazewalker\bullet\build3\vs2010\obj\x32\debug\bulletdynamics\btnncgconstraintsolver.obj
d:\vsstudio\visual studio 2013\projects\mazewalker\bullet\build3\vs2010\obj\x32\debug\bulletdynamics\bttypedconstraint.obj
d:\vsstudio\visual studio 2013\projects\mazewalker\bullet\build3\vs2010\obj\x32\debug\bulletdynamics\btmultibody.obj
d:\vsstudio\visual studio 2013\projects\mazewalker\bullet\build3\vs2010\obj\x32\debug\bulletdynamics\btmultibodydynamicsworld.obj
d:\vsstudio\visual studio 2013\projects\mazewalker\bullet\build3\vs2010\obj\x32\debug\bulletdynamics\btfixedconstraint.obj
d:\vsstudio\visual studio 2013\projects\mazewalker\bullet\build3\vs2010\obj\x32\debug\bulletdynamics\btgeneric6dofspringconstraint.obj
d:\vsstudio\visual studio 2013\projects\mazewalker\bullet\build3\vs2010\obj\x32\debug\bulletdynamics\btpoint2pointconstraint.obj
d:\vsstudio\visual studio 2013\projects\mazewalker\bullet\build3\vs2010\obj\x32\debug\bulletdynamics\btsliderconstraint.obj
d:\vsstudio\visual studio 2013\projects\mazewalker\bullet\build3\vs2010\obj\x32\debug\bulletdynamics\btdiscretedynamicsworld.obj
d:\vsstudio\visual studio 2013\projects\mazewalker\bullet\build3\vs2010\obj\x32\debug\bulletdynamics\btmultibodyjointmotor.obj
d:\vsstudio\visual studio 2013\projects\mazewalker\bullet\build3\vs2010\obj\x32\debug\bulletdynamics\btlemkealgorithm.obj
d:\vsstudio\visual studio 2013\projects\mazewalker\bullet\build3\vs2010\obj\x32\debug\bulletdynamics\btwheelinfo.obj
d:\vsstudio\visual studio 2013\projects\mazewalker\bullet\build3\vs2010\obj\x32\debug\bulletdynamics\btkinematiccharactercontroller.obj
d:\vsstudio\visual studio 2013\projects\mazewalker\bullet\build3\vs2010\obj\x32\debug\bulletdynamics\bthinge2constraint.obj
d:\vsstudio\visual studio 2013\projects\mazewalker\bullet\build3\vs2010\obj\x32\debug\bulletdynamics\btsequentialimpulseconstraintsolver.obj
d:\vsstudio\visual studio 2013\projects\mazewalker\bullet\build3\vs2010\obj\x32\debug\bulletdynamics\btrigidbody.obj
d:\vsstudio\visual studio 2013\projects\mazewalker\bullet\build3\vs2010\obj\x32\debug\bulletdynamics\btmultibodyconstraint.obj
d:\vsstudio\visual studio 2013\projects\mazewalker\bullet\build3\vs2010\obj\x32\debug\bulletdynamics\btmultibodyjointlimitconstraint.obj
d:\vsstudio\visual studio 2013\projects\mazewalker\bullet\build3\vs2010\obj\x32\debug\bulletdynamics\btdantziglcp.obj
d:\vsstudio\visual studio 2013\projects\mazewalker\bullet\build3\vs2010\obj\x32\debug\bulletdynamics\btmlcpsolver.obj
d:\vsstudio\visual studio 2013\projects\mazewalker\bullet\lib\bulletdynamics_vs2010_debug.pdb
d:\vsstudio\visual studio 2013\projects\mazewalker\bullet\lib\bulletdynamics_vs2010_debug.lib
d:\vsstudio\visual studio 2013\projects\mazewalker\bullet\build3\vs2010\..\..\lib\bulletdynamics_vs2010_debug.lib
d:\vsstudio\visual studio 2013\projects\mazewalker\bullet\build3\vs2010\obj\x32\debug\bulletdynamics\bulletdynamics.tlog\cl.command.1.tlog
d:\vsstudio\visual studio 2013\projects\mazewalker\bullet\build3\vs2010\obj\x32\debug\bulletdynamics\bulletdynamics.tlog\cl.read.1.tlog
d:\vsstudio\visual studio 2013\projects\mazewalker\bullet\build3\vs2010\obj\x32\debug\bulletdynamics\bulletdynamics.tlog\cl.write.1.tlog
d:\vsstudio\visual studio 2013\projects\mazewalker\bullet\build3\vs2010\obj\x32\debug\bulletdynamics\bulletdynamics.tlog\lib-link.read.1.tlog
d:\vsstudio\visual studio 2013\projects\mazewalker\bullet\build3\vs2010\obj\x32\debug\bulletdynamics\bulletdynamics.tlog\lib-link.write.1.tlog
d:\vsstudio\visual studio 2013\projects\mazewalker\bullet\build3\vs2010\obj\x32\debug\bulletdynamics\bulletdynamics.tlog\lib.command.1.tlog
