d:\vsstudio\visual studio 2013\projects\mazewalker\libs\freetype\objs\vc2010\win32\debug multithreaded\bdf.obj
d:\vsstudio\visual studio 2013\projects\mazewalker\libs\freetype\objs\vc2010\win32\debug multithreaded\ftbitmap.obj
d:\vsstudio\visual studio 2013\projects\mazewalker\libs\freetype\objs\vc2010\win32\debug multithreaded\ftgasp.obj
d:\vsstudio\visual studio 2013\projects\mazewalker\libs\freetype\objs\vc2010\win32\debug multithreaded\ftinit.obj
d:\vsstudio\visual studio 2013\projects\mazewalker\libs\freetype\objs\vc2010\win32\debug multithreaded\smooth.obj
d:\vsstudio\visual studio 2013\projects\mazewalker\libs\freetype\objs\vc2010\win32\debug multithreaded\ftsynth.obj
d:\vsstudio\visual studio 2013\projects\mazewalker\libs\freetype\objs\vc2010\win32\debug multithreaded\ftotval.obj
d:\vsstudio\visual studio 2013\projects\mazewalker\libs\freetype\objs\vc2010\win32\debug multithreaded\psaux.obj
d:\vsstudio\visual studio 2013\projects\mazewalker\libs\freetype\objs\vc2010\win32\debug multithreaded\psmodule.obj
d:\vsstudio\visual studio 2013\projects\mazewalker\libs\freetype\objs\vc2010\win32\debug multithreaded\type1.obj
d:\vsstudio\visual studio 2013\projects\mazewalker\libs\freetype\objs\vc2010\win32\debug multithreaded\ftbase.obj
d:\vsstudio\visual studio 2013\projects\mazewalker\libs\freetype\objs\vc2010\win32\debug multithreaded\ftfstype.obj
d:\vsstudio\visual studio 2013\projects\mazewalker\libs\freetype\objs\vc2010\win32\debug multithreaded\ftlzw.obj
d:\vsstudio\visual studio 2013\projects\mazewalker\libs\freetype\objs\vc2010\win32\debug multithreaded\ftsystem.obj
d:\vsstudio\visual studio 2013\projects\mazewalker\libs\freetype\objs\vc2010\win32\debug multithreaded\ftbbox.obj
d:\vsstudio\visual studio 2013\projects\mazewalker\libs\freetype\objs\vc2010\win32\debug multithreaded\fttype1.obj
d:\vsstudio\visual studio 2013\projects\mazewalker\libs\freetype\objs\vc2010\win32\debug multithreaded\ftwinfnt.obj
d:\vsstudio\visual studio 2013\projects\mazewalker\libs\freetype\objs\vc2010\win32\debug multithreaded\ftpatent.obj
d:\vsstudio\visual studio 2013\projects\mazewalker\libs\freetype\objs\vc2010\win32\debug multithreaded\pshinter.obj
d:\vsstudio\visual studio 2013\projects\mazewalker\libs\freetype\objs\vc2010\win32\debug multithreaded\sfnt.obj
d:\vsstudio\visual studio 2013\projects\mazewalker\libs\freetype\objs\vc2010\win32\debug multithreaded\type42.obj
d:\vsstudio\visual studio 2013\projects\mazewalker\libs\freetype\objs\vc2010\win32\debug multithreaded\autofit.obj
d:\vsstudio\visual studio 2013\projects\mazewalker\libs\freetype\objs\vc2010\win32\debug multithreaded\ftcache.obj
d:\vsstudio\visual studio 2013\projects\mazewalker\libs\freetype\objs\vc2010\win32\debug multithreaded\ftgzip.obj
d:\vsstudio\visual studio 2013\projects\mazewalker\libs\freetype\objs\vc2010\win32\debug multithreaded\ftmm.obj
d:\vsstudio\visual studio 2013\projects\mazewalker\libs\freetype\objs\vc2010\win32\debug multithreaded\ftlcdfil.obj
d:\vsstudio\visual studio 2013\projects\mazewalker\libs\freetype\objs\vc2010\win32\debug multithreaded\pcf.obj
d:\vsstudio\visual studio 2013\projects\mazewalker\libs\freetype\objs\vc2010\win32\debug multithreaded\raster.obj
d:\vsstudio\visual studio 2013\projects\mazewalker\libs\freetype\objs\vc2010\win32\debug multithreaded\type1cid.obj
d:\vsstudio\visual studio 2013\projects\mazewalker\libs\freetype\objs\vc2010\win32\debug multithreaded\winfnt.obj
d:\vsstudio\visual studio 2013\projects\mazewalker\libs\freetype\objs\vc2010\win32\debug multithreaded\cff.obj
d:\vsstudio\visual studio 2013\projects\mazewalker\libs\freetype\objs\vc2010\win32\debug multithreaded\ftglyph.obj
d:\vsstudio\visual studio 2013\projects\mazewalker\libs\freetype\objs\vc2010\win32\debug multithreaded\ftstroke.obj
d:\vsstudio\visual studio 2013\projects\mazewalker\libs\freetype\objs\vc2010\win32\debug multithreaded\ftfntfmt.obj
d:\vsstudio\visual studio 2013\projects\mazewalker\libs\freetype\objs\vc2010\win32\debug multithreaded\ftpfr.obj
d:\vsstudio\visual studio 2013\projects\mazewalker\libs\freetype\objs\vc2010\win32\debug multithreaded\ftgxval.obj
d:\vsstudio\visual studio 2013\projects\mazewalker\libs\freetype\objs\vc2010\win32\debug multithreaded\pfr.obj
d:\vsstudio\visual studio 2013\projects\mazewalker\libs\freetype\objs\vc2010\win32\debug multithreaded\truetype.obj
d:\vsstudio\visual studio 2013\projects\mazewalker\libs\freetype\objs\vc2010\win32\freetype28mtd.pdb
d:\vsstudio\visual studio 2013\projects\mazewalker\libs\freetype\objs\vc2010\win32\debug multithreaded\ftdebug.obj
d:\vsstudio\visual studio 2013\projects\mazewalker\libs\freetype\objs\vc2010\win32\freetype28mtd.lib
d:\github\mazewalker\mazewalker\libs\freetype\objs\vc2010\win32\debug multithreaded\autofit.obj
d:\github\mazewalker\mazewalker\libs\freetype\objs\vc2010\win32\debug multithreaded\bdf.obj
d:\github\mazewalker\mazewalker\libs\freetype\objs\vc2010\win32\debug multithreaded\cff.obj
d:\github\mazewalker\mazewalker\libs\freetype\objs\vc2010\win32\debug multithreaded\ftbase.obj
d:\github\mazewalker\mazewalker\libs\freetype\objs\vc2010\win32\debug multithreaded\ftbbox.obj
d:\github\mazewalker\mazewalker\libs\freetype\objs\vc2010\win32\debug multithreaded\ftbitmap.obj
d:\github\mazewalker\mazewalker\libs\freetype\objs\vc2010\win32\debug multithreaded\ftcache.obj
d:\github\mazewalker\mazewalker\libs\freetype\objs\vc2010\win32\debug multithreaded\ftdebug.obj
d:\github\mazewalker\mazewalker\libs\freetype\objs\vc2010\win32\debug multithreaded\ftfntfmt.obj
d:\github\mazewalker\mazewalker\libs\freetype\objs\vc2010\win32\debug multithreaded\ftfstype.obj
d:\github\mazewalker\mazewalker\libs\freetype\objs\vc2010\win32\debug multithreaded\ftgasp.obj
d:\github\mazewalker\mazewalker\libs\freetype\objs\vc2010\win32\debug multithreaded\ftglyph.obj
d:\github\mazewalker\mazewalker\libs\freetype\objs\vc2010\win32\debug multithreaded\ftgxval.obj
d:\github\mazewalker\mazewalker\libs\freetype\objs\vc2010\win32\debug multithreaded\ftgzip.obj
d:\github\mazewalker\mazewalker\libs\freetype\objs\vc2010\win32\debug multithreaded\ftinit.obj
d:\github\mazewalker\mazewalker\libs\freetype\objs\vc2010\win32\debug multithreaded\ftlcdfil.obj
d:\github\mazewalker\mazewalker\libs\freetype\objs\vc2010\win32\debug multithreaded\ftlzw.obj
d:\github\mazewalker\mazewalker\libs\freetype\objs\vc2010\win32\debug multithreaded\ftmm.obj
d:\github\mazewalker\mazewalker\libs\freetype\objs\vc2010\win32\debug multithreaded\ftotval.obj
d:\github\mazewalker\mazewalker\libs\freetype\objs\vc2010\win32\debug multithreaded\ftpatent.obj
d:\github\mazewalker\mazewalker\libs\freetype\objs\vc2010\win32\debug multithreaded\ftpfr.obj
d:\github\mazewalker\mazewalker\libs\freetype\objs\vc2010\win32\debug multithreaded\ftstroke.obj
d:\github\mazewalker\mazewalker\libs\freetype\objs\vc2010\win32\debug multithreaded\ftsynth.obj
d:\github\mazewalker\mazewalker\libs\freetype\objs\vc2010\win32\debug multithreaded\ftsystem.obj
d:\github\mazewalker\mazewalker\libs\freetype\objs\vc2010\win32\debug multithreaded\fttype1.obj
d:\github\mazewalker\mazewalker\libs\freetype\objs\vc2010\win32\debug multithreaded\ftwinfnt.obj
d:\github\mazewalker\mazewalker\libs\freetype\objs\vc2010\win32\debug multithreaded\pcf.obj
d:\github\mazewalker\mazewalker\libs\freetype\objs\vc2010\win32\debug multithreaded\pfr.obj
d:\github\mazewalker\mazewalker\libs\freetype\objs\vc2010\win32\debug multithreaded\psaux.obj
d:\github\mazewalker\mazewalker\libs\freetype\objs\vc2010\win32\debug multithreaded\pshinter.obj
d:\github\mazewalker\mazewalker\libs\freetype\objs\vc2010\win32\debug multithreaded\psmodule.obj
d:\github\mazewalker\mazewalker\libs\freetype\objs\vc2010\win32\debug multithreaded\raster.obj
d:\github\mazewalker\mazewalker\libs\freetype\objs\vc2010\win32\debug multithreaded\sfnt.obj
d:\github\mazewalker\mazewalker\libs\freetype\objs\vc2010\win32\debug multithreaded\smooth.obj
d:\github\mazewalker\mazewalker\libs\freetype\objs\vc2010\win32\debug multithreaded\truetype.obj
d:\github\mazewalker\mazewalker\libs\freetype\objs\vc2010\win32\debug multithreaded\type1.obj
d:\github\mazewalker\mazewalker\libs\freetype\objs\vc2010\win32\debug multithreaded\type1cid.obj
d:\github\mazewalker\mazewalker\libs\freetype\objs\vc2010\win32\debug multithreaded\type42.obj
d:\github\mazewalker\mazewalker\libs\freetype\objs\vc2010\win32\debug multithreaded\winfnt.obj
d:\github\mazewalker\mazewalker\libs\freetype\builds\windows\vc2010\.\..\..\..\objs\vc2010\win32\freetype28mtd.lib
d:\github\mazewalker\mazewalker\libs\freetype\objs\vc2010\win32\debug multithreaded\freetype.tlog\cl.command.1.tlog
d:\github\mazewalker\mazewalker\libs\freetype\objs\vc2010\win32\debug multithreaded\freetype.tlog\cl.read.1.tlog
d:\github\mazewalker\mazewalker\libs\freetype\objs\vc2010\win32\debug multithreaded\freetype.tlog\cl.write.1.tlog
d:\github\mazewalker\mazewalker\libs\freetype\objs\vc2010\win32\debug multithreaded\freetype.tlog\lib-link.read.1.tlog
d:\github\mazewalker\mazewalker\libs\freetype\objs\vc2010\win32\debug multithreaded\freetype.tlog\lib-link.write.1.tlog
d:\github\mazewalker\mazewalker\libs\freetype\objs\vc2010\win32\debug multithreaded\freetype.tlog\lib.command.1.tlog
