  autofit.c
  bdf.c
  cff.c
  ftbase.c
  ftbitmap.c
  ftcache.c
  ftfstype.c
  ftgasp.c
  ftglyph.c
  ftgzip.c
  ftinit.c
  ftlzw.c
D:\Github\MazeWalker\MazeWalker\Libs\freetype\src\cff\cffload.c(1368,69): warning C4244: '=': conversion from 'FT_UInt32' to 'FT_Byte', possible loss of data (compiling source file ..\..\..\src\cff\cff.c)
  ftstroke.c
  ftsystem.c
  smooth.c
D:\Github\MazeWalker\MazeWalker\Libs\freetype\src\base\ftobjs.c(4995): warning C4702: unreachable code
D:\Github\MazeWalker\MazeWalker\Libs\freetype\src\base\ftobjs.c(4996): warning C4702: unreachable code
  ftbbox.c
  ftfntfmt.c
  ftmm.c
  ftpfr.c
  ftsynth.c
  fttype1.c
  ftwinfnt.c
  ftlcdfil.c
  ftgxval.c
  ftotval.c
  ftpatent.c
  pcf.c
  pfr.c
  psaux.c
  psmodule.c
  pshinter.c
  raster.c
  sfnt.c
  truetype.c
  type1.c
  type1cid.c
  type42.c
  winfnt.c
  ftdebug.c
  freetype.vcxproj -> D:\Github\MazeWalker\MazeWalker\Libs\freetype\builds\windows\vc2010\.\..\..\..\objs\vc2010\Win32\freetype28MTd.lib
