d:\vsstudio\visual studio 2013\projects\mazewalker\bullet\build3\vs2010\obj\x32\release\bulletcollision\btaxissweep3.obj
d:\vsstudio\visual studio 2013\projects\mazewalker\bullet\build3\vs2010\obj\x32\release\bulletcollision\btquantizedbvh.obj
d:\vsstudio\visual studio 2013\projects\mazewalker\bullet\build3\vs2010\obj\x32\release\bulletcollision\btcollisionobject.obj
d:\vsstudio\visual studio 2013\projects\mazewalker\bullet\build3\vs2010\obj\x32\release\bulletcollision\btcompoundcompoundcollisionalgorithm.obj
d:\vsstudio\visual studio 2013\projects\mazewalker\bullet\build3\vs2010\obj\x32\release\bulletcollision\btdefaultcollisionconfiguration.obj
d:\vsstudio\visual studio 2013\projects\mazewalker\bullet\build3\vs2010\obj\x32\release\bulletcollision\btghostobject.obj
d:\vsstudio\visual studio 2013\projects\mazewalker\bullet\build3\vs2010\obj\x32\release\bulletcollision\btsimulationislandmanager.obj
d:\vsstudio\visual studio 2013\projects\mazewalker\bullet\build3\vs2010\obj\x32\release\bulletcollision\btspheretrianglecollisionalgorithm.obj
d:\vsstudio\visual studio 2013\projects\mazewalker\bullet\build3\vs2010\obj\x32\release\bulletcollision\btbvhtrianglemeshshape.obj
d:\vsstudio\visual studio 2013\projects\mazewalker\bullet\build3\vs2010\obj\x32\release\bulletcollision\btconeshape.obj
d:\vsstudio\visual studio 2013\projects\mazewalker\bullet\build3\vs2010\obj\x32\release\bulletcollision\btconvexpolyhedron.obj
d:\vsstudio\visual studio 2013\projects\mazewalker\bullet\build3\vs2010\obj\x32\release\bulletcollision\btemptyshape.obj
d:\vsstudio\visual studio 2013\projects\mazewalker\bullet\build3\vs2010\obj\x32\release\bulletcollision\btmultisphereshape.obj
d:\vsstudio\visual studio 2013\projects\mazewalker\bullet\build3\vs2010\obj\x32\release\bulletcollision\btshapehull.obj
d:\vsstudio\visual studio 2013\projects\mazewalker\bullet\build3\vs2010\obj\x32\release\bulletcollision\bttrianglebuffer.obj
d:\vsstudio\visual studio 2013\projects\mazewalker\bullet\build3\vs2010\obj\x32\release\bulletcollision\bttrianglecallback.obj
d:\vsstudio\visual studio 2013\projects\mazewalker\bullet\build3\vs2010\obj\x32\release\bulletcollision\bttriangleindexvertexmaterialarray.obj
d:\vsstudio\visual studio 2013\projects\mazewalker\bullet\build3\vs2010\obj\x32\release\bulletcollision\btgenericpoolallocator.obj
d:\vsstudio\visual studio 2013\projects\mazewalker\bullet\build3\vs2010\obj\x32\release\bulletcollision\btgimpactquantizedbvh.obj
d:\vsstudio\visual studio 2013\projects\mazewalker\bullet\build3\vs2010\obj\x32\release\bulletcollision\gim_box_set.obj
d:\vsstudio\visual studio 2013\projects\mazewalker\bullet\build3\vs2010\obj\x32\release\bulletcollision\gim_tri_collision.obj
d:\vsstudio\visual studio 2013\projects\mazewalker\bullet\build3\vs2010\obj\x32\release\bulletcollision\btdbvt.obj
d:\vsstudio\visual studio 2013\projects\mazewalker\bullet\build3\vs2010\obj\x32\release\bulletcollision\btoverlappingpaircache.obj
d:\vsstudio\visual studio 2013\projects\mazewalker\bullet\build3\vs2010\obj\x32\release\bulletcollision\btbox2dbox2dcollisionalgorithm.obj
d:\vsstudio\visual studio 2013\projects\mazewalker\bullet\build3\vs2010\obj\x32\release\bulletcollision\btcollisionworld.obj
d:\vsstudio\visual studio 2013\projects\mazewalker\bullet\build3\vs2010\obj\x32\release\bulletcollision\btconvexplanecollisionalgorithm.obj
d:\vsstudio\visual studio 2013\projects\mazewalker\bullet\build3\vs2010\obj\x32\release\bulletcollision\btinternaledgeutility.obj
d:\vsstudio\visual studio 2013\projects\mazewalker\bullet\build3\vs2010\obj\x32\release\bulletcollision\btboxshape.obj
d:\vsstudio\visual studio 2013\projects\mazewalker\bullet\build3\vs2010\obj\x32\release\bulletcollision\btcollisionshape.obj
d:\vsstudio\visual studio 2013\projects\mazewalker\bullet\build3\vs2010\obj\x32\release\bulletcollision\btconvex2dshape.obj
d:\vsstudio\visual studio 2013\projects\mazewalker\bullet\build3\vs2010\obj\x32\release\bulletcollision\btconvexpointcloudshape.obj
d:\vsstudio\visual studio 2013\projects\mazewalker\bullet\build3\vs2010\obj\x32\release\bulletcollision\btconvextrianglemeshshape.obj
d:\vsstudio\visual studio 2013\projects\mazewalker\bullet\build3\vs2010\obj\x32\release\bulletcollision\btheightfieldterrainshape.obj
d:\vsstudio\visual studio 2013\projects\mazewalker\bullet\build3\vs2010\obj\x32\release\bulletcollision\btoptimizedbvh.obj
d:\vsstudio\visual studio 2013\projects\mazewalker\bullet\build3\vs2010\obj\x32\release\bulletcollision\btstaticplaneshape.obj
d:\vsstudio\visual studio 2013\projects\mazewalker\bullet\build3\vs2010\obj\x32\release\bulletcollision\bttetrahedronshape.obj
d:\vsstudio\visual studio 2013\projects\mazewalker\bullet\build3\vs2010\obj\x32\release\bulletcollision\bttriangleindexvertexarray.obj
d:\vsstudio\visual studio 2013\projects\mazewalker\bullet\build3\vs2010\obj\x32\release\bulletcollision\btcontactprocessing.obj
d:\vsstudio\visual studio 2013\projects\mazewalker\bullet\build3\vs2010\obj\x32\release\bulletcollision\btgimpactshape.obj
d:\vsstudio\visual studio 2013\projects\mazewalker\bullet\build3\vs2010\obj\x32\release\bulletcollision\gim_memory.obj
d:\vsstudio\visual studio 2013\projects\mazewalker\bullet\build3\vs2010\obj\x32\release\bulletcollision\btcontinuousconvexcollision.obj
d:\vsstudio\visual studio 2013\projects\mazewalker\bullet\build3\vs2010\obj\x32\release\bulletcollision\btgjkpairdetector.obj
d:\vsstudio\visual studio 2013\projects\mazewalker\bullet\build3\vs2010\obj\x32\release\bulletcollision\btpolyhedralcontactclipping.obj
d:\vsstudio\visual studio 2013\projects\mazewalker\bullet\build3\vs2010\obj\x32\release\bulletcollision\btbroadphaseproxy.obj
d:\vsstudio\visual studio 2013\projects\mazewalker\bullet\build3\vs2010\obj\x32\release\bulletcollision\btdispatcher.obj
d:\vsstudio\visual studio 2013\projects\mazewalker\bullet\build3\vs2010\obj\x32\release\bulletcollision\btsimplebroadphase.obj
d:\vsstudio\visual studio 2013\projects\mazewalker\bullet\build3\vs2010\obj\x32\release\bulletcollision\btactivatingcollisionalgorithm.obj
d:\vsstudio\visual studio 2013\projects\mazewalker\bullet\build3\vs2010\obj\x32\release\bulletcollision\btboxboxdetector.obj
d:\vsstudio\visual studio 2013\projects\mazewalker\bullet\build3\vs2010\obj\x32\release\bulletcollision\btconvex2dconvex2dalgorithm.obj
d:\vsstudio\visual studio 2013\projects\mazewalker\bullet\build3\vs2010\obj\x32\release\bulletcollision\btconvexconcavecollisionalgorithm.obj
d:\vsstudio\visual studio 2013\projects\mazewalker\bullet\build3\vs2010\obj\x32\release\bulletcollision\btemptycollisionalgorithm.obj
d:\vsstudio\visual studio 2013\projects\mazewalker\bullet\build3\vs2010\obj\x32\release\bulletcollision\bthashedsimplepaircache.obj
d:\vsstudio\visual studio 2013\projects\mazewalker\bullet\build3\vs2010\obj\x32\release\bulletcollision\btmanifoldresult.obj
d:\vsstudio\visual studio 2013\projects\mazewalker\bullet\build3\vs2010\obj\x32\release\bulletcollision\btspherespherecollisionalgorithm.obj
d:\vsstudio\visual studio 2013\projects\mazewalker\bullet\build3\vs2010\obj\x32\release\bulletcollision\spheretriangledetector.obj
d:\vsstudio\visual studio 2013\projects\mazewalker\bullet\build3\vs2010\obj\x32\release\bulletcollision\btcompoundshape.obj
d:\vsstudio\visual studio 2013\projects\mazewalker\bullet\build3\vs2010\obj\x32\release\bulletcollision\btconvexinternalshape.obj
d:\vsstudio\visual studio 2013\projects\mazewalker\bullet\build3\vs2010\obj\x32\release\bulletcollision\btconvexshape.obj
d:\vsstudio\visual studio 2013\projects\mazewalker\bullet\build3\vs2010\obj\x32\release\bulletcollision\btminkowskisumshape.obj
d:\vsstudio\visual studio 2013\projects\mazewalker\bullet\build3\vs2010\obj\x32\release\bulletcollision\btpolyhedralconvexshape.obj
d:\vsstudio\visual studio 2013\projects\mazewalker\bullet\build3\vs2010\obj\x32\release\bulletcollision\bttrianglemeshshape.obj
d:\vsstudio\visual studio 2013\projects\mazewalker\bullet\build3\vs2010\obj\x32\release\bulletcollision\btuniformscalingshape.obj
d:\vsstudio\visual studio 2013\projects\mazewalker\bullet\build3\vs2010\obj\x32\release\bulletcollision\btgimpactbvh.obj
d:\vsstudio\visual studio 2013\projects\mazewalker\bullet\build3\vs2010\obj\x32\release\bulletcollision\bttriangleshapeex.obj
d:\vsstudio\visual studio 2013\projects\mazewalker\bullet\build3\vs2010\obj\x32\release\bulletcollision\btconvexcast.obj
d:\vsstudio\visual studio 2013\projects\mazewalker\bullet\build3\vs2010\obj\x32\release\bulletcollision\btgjkepa2.obj
d:\vsstudio\visual studio 2013\projects\mazewalker\bullet\build3\vs2010\obj\x32\release\bulletcollision\btpersistentmanifold.obj
d:\vsstudio\visual studio 2013\projects\mazewalker\bullet\build3\vs2010\obj\x32\release\bulletcollision\btraycastcallback.obj
d:\vsstudio\visual studio 2013\projects\mazewalker\bullet\build3\vs2010\obj\x32\release\bulletcollision\btvoronoisimplexsolver.obj
d:\vsstudio\visual studio 2013\projects\mazewalker\bullet\build3\vs2010\obj\x32\release\bulletcollision\btcollisionalgorithm.obj
d:\vsstudio\visual studio 2013\projects\mazewalker\bullet\build3\vs2010\obj\x32\release\bulletcollision\btdbvtbroadphase.obj
d:\vsstudio\visual studio 2013\projects\mazewalker\bullet\build3\vs2010\obj\x32\release\bulletcollision\btboxboxcollisionalgorithm.obj
d:\vsstudio\visual studio 2013\projects\mazewalker\bullet\build3\vs2010\obj\x32\release\bulletcollision\btcollisiondispatcher.obj
d:\vsstudio\visual studio 2013\projects\mazewalker\bullet\build3\vs2010\obj\x32\release\bulletcollision\btcompoundcollisionalgorithm.obj
d:\vsstudio\visual studio 2013\projects\mazewalker\bullet\build3\vs2010\obj\x32\release\bulletcollision\btconvexconvexalgorithm.obj
d:\vsstudio\visual studio 2013\projects\mazewalker\bullet\build3\vs2010\obj\x32\release\bulletcollision\btsphereboxcollisionalgorithm.obj
d:\vsstudio\visual studio 2013\projects\mazewalker\bullet\build3\vs2010\obj\x32\release\bulletcollision\btunionfind.obj
d:\vsstudio\visual studio 2013\projects\mazewalker\bullet\build3\vs2010\obj\x32\release\bulletcollision\btbox2dshape.obj
d:\vsstudio\visual studio 2013\projects\mazewalker\bullet\build3\vs2010\obj\x32\release\bulletcollision\btcapsuleshape.obj
d:\vsstudio\visual studio 2013\projects\mazewalker\bullet\build3\vs2010\obj\x32\release\bulletcollision\btconcaveshape.obj
d:\vsstudio\visual studio 2013\projects\mazewalker\bullet\build3\vs2010\obj\x32\release\bulletcollision\btconvexhullshape.obj
d:\vsstudio\visual studio 2013\projects\mazewalker\bullet\build3\vs2010\obj\x32\release\bulletcollision\btcylindershape.obj
d:\vsstudio\visual studio 2013\projects\mazewalker\bullet\build3\vs2010\obj\x32\release\bulletcollision\btmultimaterialtrianglemeshshape.obj
d:\vsstudio\visual studio 2013\projects\mazewalker\bullet\build3\vs2010\obj\x32\release\bulletcollision\btscaledbvhtrianglemeshshape.obj
d:\vsstudio\visual studio 2013\projects\mazewalker\bullet\build3\vs2010\obj\x32\release\bulletcollision\btsphereshape.obj
d:\vsstudio\visual studio 2013\projects\mazewalker\bullet\build3\vs2010\obj\x32\release\bulletcollision\btstridingmeshinterface.obj
d:\vsstudio\visual studio 2013\projects\mazewalker\bullet\build3\vs2010\obj\x32\release\bulletcollision\bttrianglemesh.obj
d:\vsstudio\visual studio 2013\projects\mazewalker\bullet\build3\vs2010\obj\x32\release\bulletcollision\btgimpactcollisionalgorithm.obj
d:\vsstudio\visual studio 2013\projects\mazewalker\bullet\build3\vs2010\obj\x32\release\bulletcollision\gim_contact.obj
d:\vsstudio\visual studio 2013\projects\mazewalker\bullet\build3\vs2010\obj\x32\release\bulletcollision\btgjkconvexcast.obj
d:\vsstudio\visual studio 2013\projects\mazewalker\bullet\build3\vs2010\obj\x32\release\bulletcollision\btgjkepapenetrationdepthsolver.obj
d:\vsstudio\visual studio 2013\projects\mazewalker\bullet\build3\vs2010\obj\x32\release\bulletcollision\btminkowskipenetrationdepthsolver.obj
d:\vsstudio\visual studio 2013\projects\mazewalker\bullet\build3\vs2010\obj\x32\release\bulletcollision\btsubsimplexconvexcast.obj
d:\vsstudio\visual studio 2013\projects\mazewalker\bullet\lib\bulletcollision_vs2010.lib
d:\vsstudio\visual studio 2013\projects\mazewalker\bullet\build3\vs2010\..\..\lib\bulletcollision_vs2010.lib
d:\vsstudio\visual studio 2013\projects\mazewalker\bullet\build3\vs2010\obj\x32\release\bulletcollision\bulletcollision.tlog\cl.12336.write.1.tlog
d:\vsstudio\visual studio 2013\projects\mazewalker\bullet\build3\vs2010\obj\x32\release\bulletcollision\bulletcollision.tlog\cl.command.1.tlog
d:\vsstudio\visual studio 2013\projects\mazewalker\bullet\build3\vs2010\obj\x32\release\bulletcollision\bulletcollision.tlog\cl.read.1.tlog
d:\vsstudio\visual studio 2013\projects\mazewalker\bullet\build3\vs2010\obj\x32\release\bulletcollision\bulletcollision.tlog\lib-link.read.1.tlog
d:\vsstudio\visual studio 2013\projects\mazewalker\bullet\build3\vs2010\obj\x32\release\bulletcollision\bulletcollision.tlog\lib-link.write.1.tlog
d:\vsstudio\visual studio 2013\projects\mazewalker\bullet\build3\vs2010\obj\x32\release\bulletcollision\bulletcollision.tlog\lib.command.1.tlog
