D:\Program Files (x86)\Microsoft Visual Studio\2017\Community\Common7\IDE\VC\VCTargets\Platforms\Win32\PlatformToolsets\v141_xp\Toolset.targets(39,5): warning MSB8051: Support for targeting Windows XP is deprecated and will not be present in future releases of Visual Studio. Please see https://go.microsoft.com/fwlink/?linkid=2023588 for more information.
  autofit.c
  ftbitmap.c
  ftfstype.c
  ftgasp.c
  ftstroke.c
  ftbbox.c
  ftfntfmt.c
  ftpfr.c
  ftsynth.c
  fttype1.c
  ftwinfnt.c
  ftlcdfil.c
  ftgxval.c
  ftotval.c
  ftpatent.c
  bdf.c
  cff.c
  ftbase.c
  ftcache.c
d:\vsstudio\visual studio 2013\projects\mazewalker\libs\freetype\src\cff\cffload.c(1368): warning C4244: '=': conversion from 'FT_UInt32' to 'FT_Byte', possible loss of data (compiling source file ..\..\..\src\cff\cff.c)
d:\vsstudio\visual studio 2013\projects\mazewalker\libs\freetype\src\base\ftutil.c(171): warning C4702: unreachable code
d:\vsstudio\visual studio 2013\projects\mazewalker\libs\freetype\src\base\ftobjs.c(4996): warning C4702: unreachable code
  ftglyph.c
  ftgzip.c
  ftinit.c
  ftlzw.c
  ftsystem.c
  smooth.c
  ftmm.c
  pcf.c
  pfr.c
  psaux.c
  pshinter.c
  psmodule.c
  raster.c
  sfnt.c
  truetype.c
  type1.c
  type1cid.c
  type42.c
  winfnt.c
  ftdebug.c
  freetype.vcxproj -> D:\VSStudio\Visual Studio 2013\Projects\MazeWalker\Libs\freetype\builds\windows\vc2010\.\..\..\..\objs\vc2010\Win32\freetype28.lib
