d:\github\mazewalker\mazewalker\x64\release\vc143.pdb
d:\github\mazewalker\mazewalker\x64\release\glm.obj
d:\github\mazewalker\mazewalker\x64\release\particle.obj
d:\github\mazewalker\mazewalker\x64\release\map.obj
d:\github\mazewalker\mazewalker\x64\release\main.obj
d:\github\mazewalker\mazewalker\x64\release\audiodictionary.obj
d:\github\mazewalker\mazewalker\x64\release\glmimg.obj
d:\github\mazewalker\mazewalker\x64\release\tools.obj
d:\github\mazewalker\mazewalker\x64\release\setcontrols.obj
d:\github\mazewalker\mazewalker\x64\release\serversocket.obj
d:\github\mazewalker\mazewalker\x64\release\qpc.obj
d:\github\mazewalker\mazewalker\x64\release\mazelist.obj
d:\github\mazewalker\mazewalker\x64\release\mylightlist.obj
d:\github\mazewalker\mazewalker\x64\release\mazx.obj
d:\github\mazewalker\mazewalker\x64\release\mazelistitem.obj
d:\github\mazewalker\mazewalker\x64\release\log.obj
d:\github\mazewalker\mazewalker\x64\release\lightitem.obj
d:\github\mazewalker\mazewalker\x64\release\joystick.obj
d:\github\mazewalker\mazewalker\x64\release\freetype.obj
d:\github\mazewalker\mazewalker\x64\release\com.obj
d:\github\mazewalker\mazewalker\x64\release\camera.obj
d:\github\mazewalker\mazewalker\x64\release\zutil.obj
d:\github\mazewalker\mazewalker\x64\release\uncompr.obj
d:\github\mazewalker\mazewalker\x64\release\trees.obj
d:\github\mazewalker\mazewalker\x64\release\inftrees.obj
d:\github\mazewalker\mazewalker\x64\release\inflate.obj
d:\github\mazewalker\mazewalker\x64\release\inffast.obj
d:\github\mazewalker\mazewalker\x64\release\infback.obj
d:\github\mazewalker\mazewalker\x64\release\gzio.obj
d:\github\mazewalker\mazewalker\x64\release\deflate.obj
d:\github\mazewalker\mazewalker\x64\release\crc32.obj
d:\github\mazewalker\mazewalker\x64\release\compress.obj
d:\github\mazewalker\mazewalker\x64\release\adler32.obj
d:\github\mazewalker\mazewalker\x64\release\texturedictionaryitem.obj
d:\github\mazewalker\mazewalker\x64\release\texturedictionary.obj
d:\github\mazewalker\mazewalker\x64\release\texture.obj
d:\github\mazewalker\mazewalker\x64\release\iowin32.obj
d:\github\mazewalker\mazewalker\x64\release\ioapi.obj
d:\github\mazewalker\mazewalker\x64\release\glew.obj
d:\github\mazewalker\mazewalker\x64\release\pngwutil.obj
d:\github\mazewalker\mazewalker\x64\release\pngwtran.obj
d:\github\mazewalker\mazewalker\x64\release\pngwrite.obj
d:\github\mazewalker\mazewalker\x64\release\pngwio.obj
d:\github\mazewalker\mazewalker\x64\release\pngvcrd.obj
d:\github\mazewalker\mazewalker\x64\release\pngtrans.obj
d:\github\mazewalker\mazewalker\x64\release\pngset.obj
d:\github\mazewalker\mazewalker\x64\release\pngrutil.obj
d:\github\mazewalker\mazewalker\x64\release\pngrtran.obj
d:\github\mazewalker\mazewalker\x64\release\pngrio.obj
d:\github\mazewalker\mazewalker\x64\release\pngread.obj
d:\github\mazewalker\mazewalker\x64\release\pngpread.obj
d:\github\mazewalker\mazewalker\x64\release\pngmem.obj
d:\github\mazewalker\mazewalker\x64\release\pngget.obj
d:\github\mazewalker\mazewalker\x64\release\pnggccrd.obj
d:\github\mazewalker\mazewalker\x64\release\pngerror.obj
d:\github\mazewalker\mazewalker\x64\release\png.obj
d:\github\mazewalker\mazewalker\x64\release\unzip.obj
d:\github\mazewalker\mazewalker\x64\release\mazewalker.exe
d:\github\mazewalker\mazewalker\x64\release\mazewalker.pdb
d:\github\mazewalker\mazewalker\x64\release\mazewalker.lib
d:\github\mazewalker\mazewalker\x64\release\mazewalker.exp
d:\github\mazewalker\mazewalker\x64\release\mazewalker.res
d:\github\mazewalker\mazewalker\x64\release\mazewalker.tlog\cl.command.1.tlog
d:\github\mazewalker\mazewalker\x64\release\mazewalker.tlog\cl.read.1.tlog
d:\github\mazewalker\mazewalker\x64\release\mazewalker.tlog\cl.write.1.tlog
d:\github\mazewalker\mazewalker\x64\release\mazewalker.tlog\link.command.1.tlog
d:\github\mazewalker\mazewalker\x64\release\mazewalker.tlog\link.read.1.tlog
d:\github\mazewalker\mazewalker\x64\release\mazewalker.tlog\link.write.1.tlog
d:\github\mazewalker\mazewalker\x64\release\mazewalker.tlog\mazewalker.write.1u.tlog
d:\github\mazewalker\mazewalker\x64\release\mazewalker.tlog\rc.command.1.tlog
d:\github\mazewalker\mazewalker\x64\release\mazewalker.tlog\rc.read.1.tlog
d:\github\mazewalker\mazewalker\x64\release\mazewalker.tlog\rc.write.1.tlog
